[21:49:08] [main/INFO] (Launcher) ModLauncher running: args [--launchTarget, forgeclientdev, --version, 21.1.172, --assetIndex, 1.21.1-17, --assetsDir, C:\Users\elise\.gradle\caches\fabric-loom\assets, --gameDir, ., --fml.fmlVersion, 4.0.39, --fml.mcVersion, 1.21.1, --fml.neoForgeVersion, 21.1.172, --fml.neoFormVersion, 20240808.144430]
[21:49:08] [main/INFO] (Launcher) JVM identified as Oracle Corporation Java HotSpot(TM) 64-Bit Server VM 21.0.3+7-LTS-152
[21:49:08] [main/INFO] (Launcher) ModLauncher 11.0.4+main.d2e20e43 starting: java version 21.0.3 by Oracle Corporation; OS Windows 10 arch amd64 version 10.0
[21:49:08] [main/INFO] (ImmediateWindowHandler) Loading ImmediateWindowProvider fmlearlywindow
[21:49:08] [main/INFO] (EARLYDISPLAY) Trying GL version 4.6
[21:49:09] [main/INFO] (EARLYDISPLAY) Requested GL version 4.6 got version 4.6
[21:49:09] [main/INFO] (mixin) SpongePowered MIXIN Subsystem Version=0.8.7 Source=union:/C:/Users/elise/.gradle/caches/modules-2/files-2.1/net.fabricmc/sponge-mixin/0.15.2+mixin.0.8.7/2af2f021d8e02a0220dc27a7a72b4666d66d44ca/sponge-mixin-0.15.2+mixin.0.8.7.jar%23125!/ Service=ModLauncher Env=CLIENT
[21:49:09] [main/INFO] (ModDiscoverer) Found mod file "neoforge-21.1.172-minecraft-merged-1.21.1-loom.mappings.1_21_1.layered+hash.40359-v2-neoforge-21.1.172.jar" [locator: neoforge devenv provider ([C:\Users\elise\.gradle\caches\fabric-loom\minecraftMaven\net\minecraft\neoforge-21.1.172-minecraft-merged\1.21.1-loom.mappings.1_21_1.layered+hash.40359-v2-neoforge-21.1.172\neoforge-21.1.172-minecraft-merged-1.21.1-loom.mappings.1_21_1.layered+hash.40359-v2-neoforge-21.1.172.jar])]
[21:49:09] [main/INFO] (ModDiscoverer) Found mod file "neoforge-21.1.172-minecraft-merged-1.21.1-loom.mappings.1_21_1.layered+hash.40359-v2-neoforge-21.1.172.jar" [locator: neoforge devenv provider ([C:\Users\elise\.gradle\caches\fabric-loom\minecraftMaven\net\minecraft\neoforge-21.1.172-minecraft-merged\1.21.1-loom.mappings.1_21_1.layered+hash.40359-v2-neoforge-21.1.172\neoforge-21.1.172-minecraft-merged-1.21.1-loom.mappings.1_21_1.layered+hash.40359-v2-neoforge-21.1.172.jar])]
[21:49:09] [main/INFO] (ModDiscoverer) Found mod file "jei-1.21.1-neoforge-19.21.0.247.jar" [locator: {mods folder locator at C:\Users\elise\IdeaProjects\manywood\neoforge\run\mods}, reader: mod manifest]
[21:49:09] [main/INFO] (ModDiscoverer) Found mod file "lithium-neoforge-0.15.0+mc1.21.1.jar" [locator: {mods folder locator at C:\Users\elise\IdeaProjects\manywood\neoforge\run\mods}, reader: mod manifest]
[21:49:09] [main/INFO] (ModDiscoverer) Found mod file "polymorph-neoforge-1.0.10+1.21.1.jar" [locator: {mods folder locator at C:\Users\elise\IdeaProjects\manywood\neoforge\run\mods}, reader: mod manifest]
[21:49:09] [main/INFO] (ModDiscoverer) Found mod file "regions_unexplored-neoforge-1.21.1-0.5.6.1.jar" [locator: {mods folder locator at C:\Users\elise\IdeaProjects\manywood\neoforge\run\mods}, reader: mod manifest]
[21:49:09] [pool-5-thread-1/INFO] (EARLYDISPLAY) GL info: NVIDIA GeForce GTX 1650/PCIe/SSE2 GL version 4.6.0 NVIDIA 576.52, NVIDIA Corporation
[21:49:09] [main/INFO] (ModDiscoverer) Found mod file "sodium-neoforge-0.6.13+mc1.21.1.jar" [locator: {mods folder locator at C:\Users\elise\IdeaProjects\manywood\neoforge\run\mods}, reader: mod manifest]
[21:49:09] [main/INFO] (ModDiscoverer) Found mod file "TerraBlender-neoforge-1.21.1-4.1.0.8.jar" [locator: {mods folder locator at C:\Users\elise\IdeaProjects\manywood\neoforge\run\mods}, reader: mod manifest]
[21:49:09] [main/INFO] (ModDiscoverer) Found mod file "main" [locator: userdev mods and services, reader: mod manifest]
[21:49:09] [main/INFO] (ModDiscoverer) Found mod file "neoforge-21.1.172-minecraft-merged-1.21.1-loom.mappings.1_21_1.layered+hash.40359-v2-neoforge-21.1.172.jar" [locator: userdev mods and services, reader: mod manifest]
[21:49:09] [main/INFO] (ModDiscoverer) Found mod file "architectury-neoforge-13.0.8.jar" [locator: userdev mods and services, reader: mod manifest]
[21:49:09] [main/INFO] (ModDiscoverer) Found mod file "261072754786201584.jar" [locator: userdev mods and services, reader: mod manifest]
[21:49:09] [main/INFO] (ModDiscoverer) Found gamelibrary file "mixinextras-neoforge-0.4.1.jar" [locator: userdev mods and services, reader: mod manifest]
[21:49:10] [main/WARN] (JarSelector) Attempted to select a dependency jar for JarJar which was passed in as source: library:mixinextras.neoforge. Using Mod File: C:\Users\elise\.gradle\caches\modules-2\files-2.1\io.github.llamalad7\mixinextras-neoforge\0.4.1\eff97772ecd0dcf8e52cdbafd3b3ccec425f8314\mixinextras-neoforge-0.4.1.jar
[21:49:10] [main/INFO] (JarInJarDependencyLocator) Found 6 dependencies adding them to mods collection
[21:49:10] [main/INFO] (ModDiscoverer) Found mod file "fabric-rendering-data-attachment-v1-0.3.48+73761d2e19.jar" [parent: sodium-neoforge-0.6.13+mc1.21.1.jar, locator: jarinjar, reader: mod manifest]
[21:49:10] [main/INFO] (ModDiscoverer) Found mod file "fabric-renderer-api-v1-3.4.0+9c40919e19.jar" [parent: sodium-neoforge-0.6.13+mc1.21.1.jar, locator: jarinjar, reader: mod manifest]
[21:49:10] [main/INFO] (ModDiscoverer) Found mod file "fabric-api-base-0.4.42+d1308ded19.jar" [parent: sodium-neoforge-0.6.13+mc1.21.1.jar, locator: jarinjar, reader: mod manifest]
[21:49:10] [main/INFO] (ModDiscoverer) Found library file "net.caffeinemc.sodium-neoforge-0.6.13+mc1.21.1-service.jar" [parent: sodium-neoforge-0.6.13+mc1.21.1.jar, locator: jarinjar, reader: mod manifest]
[21:49:10] [main/INFO] (ModDiscoverer) Found library file "net.neoforged.neoforge-coremods-21.1.172.jar" [parent: neoforge-21.1.172-minecraft-merged-1.21.1-loom.mappings.1_21_1.layered+hash.40359-v2-neoforge-21.1.172.jar, locator: jarinjar, reader: mod manifest]
[21:49:10] [main/INFO] (ModDiscoverer) Found mod file "fabric-block-view-api-v2-1.0.10+9afaaf8c19.jar" [parent: sodium-neoforge-0.6.13+mc1.21.1.jar, locator: jarinjar, reader: mod manifest]
[21:49:10] [main/INFO] (ModDiscoverer) 
     Mod List:
		Name Version (Mod Id)

		Architectury 13.0.8 (architectury)
		Forgified Fabric API Base 0.4.42+d1308ded19 (fabric_api_base)
		Forgified Fabric BlockView API (v2) 1.0.10+9afaaf8c19 (fabric_block_view_api_v2)
		Forgified Fabric Renderer API (v1) 3.4.0+9c40919e19 (fabric_renderer_api_v1)
		Forgified Fabric Rendering Data Attachment (v1) 0.3.48+73761d2e19 (fabric_rendering_data_attachment_v1)
		generated_e57be99 1 (generated_e57be99)
		Just Enough Items 19.21.0.247 (jei)
		Lithium 0.15.0+mc1.21.1 (lithium)
		Many Wood Variants 1.0.0 (manywood)
		Minecraft 1.21.1 (minecraft)
		NeoForge 21.1.172 (neoforge)
		Polymorph 1.0.10+1.21.1 (polymorph)
		Regions Unexplored 0.5.6.1 (regions_unexplored)
		Sodium 0.6.13+mc1.21.1 (sodium)
		TerraBlender 4.1.0.8 (terrablender)
[21:49:11] [main/INFO] (mixin) Compatibility level set to JAVA_17
[21:49:11] [main/INFO] (mixin) Compatibility level set to JAVA_21
[21:49:11] [main/INFO] (LaunchServiceHandler) Launching target 'forgeclientdev' with arguments [--version, 21.1.172, --gameDir, ., --assetsDir, C:\Users\elise\.gradle\caches\fabric-loom\assets, --assetIndex, 1.21.1-17]
[21:49:11] [main/INFO] (unprotect) Found 8254 Minecraft classes
[21:49:11] [main/WARN] (mixin) Reference map 'terrablender.refmap.json' for terrablender.mixins.json could not be read. If this is a development environment you can ignore this message
[21:49:11] [main/WARN] (mixin) Reference map 'terrablender.refmap.json' for terrablender_neoforge.mixins.json could not be read. If this is a development environment you can ignore this message
[21:49:11] [main/WARN] (mixin) Reference map 'regions_unexplored.refmap.json' for regions_unexplored.mixins.json could not be read. If this is a development environment you can ignore this message
[21:49:11] [main/WARN] (mixin) Reference map 'regions_unexplored.refmap.json' for regions_unexplored.neoforge.mixins.json could not be read. If this is a development environment you can ignore this message
[21:49:11] [main/INFO] (Sodium) Loaded configuration file for Sodium: 43 options available, 0 override(s) found
[21:49:11] [main/INFO] (LithiumConfig) Option 'mixin.experimental.entity.block_caching.suffocation' requires 'mixin.util.block_tracking=true' but found 'false'. Setting 'mixin.experimental.entity.block_caching.suffocation=false'.
[21:49:11] [main/INFO] (LithiumConfig) Option 'mixin.experimental.entity.block_caching.block_support' requires 'mixin.util.block_tracking=true' but found 'false'. Setting 'mixin.experimental.entity.block_caching.block_support=false'.
[21:49:11] [main/INFO] (LithiumConfig) Option 'mixin.experimental.entity.block_caching.block_touching' requires 'mixin.util.block_tracking=true' but found 'false'. Setting 'mixin.experimental.entity.block_caching.block_touching=false'.
[21:49:11] [main/INFO] (LithiumConfig) Option 'mixin.experimental.entity.block_caching' requires 'mixin.util.block_tracking=true' but found 'false'. Setting 'mixin.experimental.entity.block_caching=false'.
[21:49:11] [main/INFO] (Lithium) Loaded configuration file for Lithium: 146 options available, 0 override(s) found
[21:49:11] [main/WARN] (mixin) Reference map 'polymorph.refmap.json' for polymorph.mixins.json could not be read. If this is a development environment you can ignore this message
[21:49:11] [main/WARN] (mixin) Reference map 'polymorph.refmap.json' for polymorph-compatibility.mixins.json could not be read. If this is a development environment you can ignore this message
[21:49:13] [main/INFO] (MixinExtras|Service) Initializing MixinExtras via com.llamalad7.mixinextras.service.MixinExtrasServiceImpl(version=0.4.1).
[30iun.2025 21:49:14.947] [Datafixer Bootstrap/INFO] [com.mojang.datafixers.DataFixerBuilder/]: 229 Datafixer optimizations took 439 milliseconds
[30iun.2025 21:49:24.115] [main/WARN] [net.minecraft.commands.Commands/]: Ambiguity between arguments [teleport, location] and [teleport, destination] with inputs: [0.1 -0.5 .9, 0 0 0]
[30iun.2025 21:49:24.120] [main/WARN] [net.minecraft.commands.Commands/]: Ambiguity between arguments [teleport, location] and [teleport, targets] with inputs: [0.1 -0.5 .9, 0 0 0]
[30iun.2025 21:49:24.124] [main/WARN] [net.minecraft.commands.Commands/]: Ambiguity between arguments [teleport, destination] and [teleport, targets] with inputs: [Player, 0123, @e, dd12be42-52a9-4a91-a8a1-11c01849e498]
[30iun.2025 21:49:24.130] [main/WARN] [net.minecraft.commands.Commands/]: Ambiguity between arguments [teleport, targets] and [teleport, destination] with inputs: [Player, 0123, dd12be42-52a9-4a91-a8a1-11c01849e498]
[30iun.2025 21:49:24.135] [main/WARN] [net.minecraft.commands.Commands/]: Ambiguity between arguments [teleport, targets, location] and [teleport, targets, destination] with inputs: [0.1 -0.5 .9, 0 0 0]
[30iun.2025 21:49:24.522] [Render thread/WARN] [net.minecraft.server.packs.VanillaPackResourcesBuilder/]: Assets URL 'union:/C:/Users/elise/.gradle/caches/fabric-loom/minecraftMaven/net/minecraft/neoforge-21.1.172-minecraft-merged/1.21.1-loom.mappings.1_21_1.layered+hash.40359-v2-neoforge-21.1.172/neoforge-21.1.172-minecraft-merged-1.21.1-loom.mappings.1_21_1.layered+hash.40359-v2-neoforge-21.1.172.jar%23204!/assets/.mcassetsroot' uses unexpected schema
[30iun.2025 21:49:24.523] [Render thread/WARN] [net.minecraft.server.packs.VanillaPackResourcesBuilder/]: Assets URL 'union:/C:/Users/elise/.gradle/caches/fabric-loom/minecraftMaven/net/minecraft/neoforge-21.1.172-minecraft-merged/1.21.1-loom.mappings.1_21_1.layered+hash.40359-v2-neoforge-21.1.172/neoforge-21.1.172-minecraft-merged-1.21.1-loom.mappings.1_21_1.layered+hash.40359-v2-neoforge-21.1.172.jar%23204!/data/.mcassetsroot' uses unexpected schema
[30iun.2025 21:49:24.576] [Render thread/INFO] [com.mojang.authlib.yggdrasil.YggdrasilAuthenticationService/]: Environment: Environment[sessionHost=https://sessionserver.mojang.com, servicesHost=https://api.minecraftservices.com, name=PROD]
[30iun.2025 21:49:24.595] [Render thread/INFO] [net.minecraft.client.Minecraft/]: Setting user: Dev
[30iun.2025 21:49:24.869] [Render thread/INFO] [net.minecraft.client.Minecraft/]: Backend library: LWJGL version 3.3.3+5
[30iun.2025 21:49:24.960] [Render thread/INFO] [com.mojang.blaze3d.platform.Window/]: OpenGL Vendor: NVIDIA Corporation
[30iun.2025 21:49:24.960] [Render thread/INFO] [com.mojang.blaze3d.platform.Window/]: OpenGL Renderer: NVIDIA GeForce GTX 1650/PCIe/SSE2
[30iun.2025 21:49:24.960] [Render thread/INFO] [com.mojang.blaze3d.platform.Window/]: OpenGL Version: 4.6.0 NVIDIA 576.52
[30iun.2025 21:49:24.965] [Render thread/INFO] [Sodium-NvidiaWorkarounds/]: Modifying OpenGL context to apply workarounds for the NVIDIA graphics driver...
[30iun.2025 21:49:25.379] [modloading-worker-0/INFO] [Regions Unexplored/]: Initializing Regions Unexplored from Forge Mod Initializer entrypoint.
[30iun.2025 21:49:25.392] [modloading-worker-0/INFO] [net.neoforged.neoforge.common.NeoForgeMod/NEOFORGE-MOD]: NeoForge mod loading, version 21.1.172, for MC 1.21.1
[30iun.2025 21:49:25.899] [modloading-worker-0/INFO] [mezz.jei.library.load.PluginCaller/]: Sending ConfigManager...
[30iun.2025 21:49:25.905] [modloading-worker-0/INFO] [mezz.jei.library.load.PluginCaller/]: Sending ConfigManager took 3.649 ms
[30iun.2025 21:49:28.166] [Render thread/INFO] [net.neoforged.neoforge.gametest.GameTestHooks/]: Enabled Gametest Namespaces: []
[30iun.2025 21:49:28.417] [Render thread/INFO] [net.minecraft.server.packs.resources.ReloadableResourceManager/]: Reloading ResourceManager: vanilla, mod_resources, mod/sodium, mod/terrablender, mod/fabric_renderer_api_v1, mod/fabric_api_base, mod/regions_unexplored, mod/architectury, mod/generated_e57be99, mod/jei, mod/fabric_rendering_data_attachment_v1, mod/lithium, mod/neoforge, mod/manywood, mod/polymorph, mod/fabric_block_view_api_v2
[30iun.2025 21:49:28.796] [Worker-Main-4/INFO] [net.minecraft.client.gui.font.providers.UnihexProvider/]: Found unifont_all_no_pua-15.1.05.hex, loading
[30iun.2025 21:49:29.061] [Render thread/INFO] [terrablender/]: Registered region minecraft:overworld to index 0 for type OVERWORLD
[30iun.2025 21:49:29.062] [Render thread/INFO] [terrablender/]: Registered region minecraft:nether to index 0 for type NETHER
[30iun.2025 21:49:29.062] [Render thread/INFO] [terrablender/]: Registered region regions_unexplored:primary to index 1 for type OVERWORLD
[30iun.2025 21:49:29.062] [Render thread/INFO] [terrablender/]: Registered region regions_unexplored:secondary to index 2 for type OVERWORLD
[30iun.2025 21:49:29.062] [Render thread/INFO] [terrablender/]: Registered region regions_unexplored:nether to index 1 for type NETHER
[30iun.2025 21:49:29.643] [Worker-Main-7/INFO] [net.minecraft.client.gui.font.providers.UnihexProvider/]: Found unifont_jp_patch-15.1.05.hex, loading
[30iun.2025 21:49:31.910] [Render thread/WARN] [net.minecraft.client.sounds.SoundEngine/]: Missing sound for event: minecraft:item.goat_horn.play
[30iun.2025 21:49:31.910] [Render thread/WARN] [net.minecraft.client.sounds.SoundEngine/]: Missing sound for event: minecraft:entity.goat.screaming.horn_break
[30iun.2025 21:49:31.941] [Render thread/INFO] [com.mojang.blaze3d.audio.Library/]: OpenAL initialized on device OpenAL Soft on Boxe (Realtek(R) Audio)
[30iun.2025 21:49:31.942] [Render thread/INFO] [net.minecraft.client.sounds.SoundEngine/SOUNDS]: Sound engine started
[30iun.2025 21:49:32.088] [Render thread/INFO] [net.minecraft.client.renderer.texture.TextureAtlas/]: Created: 1024x1024x4 minecraft:textures/atlas/blocks.png-atlas
[30iun.2025 21:49:32.127] [Render thread/INFO] [net.minecraft.client.renderer.texture.TextureAtlas/]: Created: 512x512x4 minecraft:textures/atlas/signs.png-atlas
[30iun.2025 21:49:32.128] [Render thread/INFO] [net.minecraft.client.renderer.texture.TextureAtlas/]: Created: 512x512x4 minecraft:textures/atlas/shield_patterns.png-atlas
[30iun.2025 21:49:32.129] [Render thread/INFO] [net.minecraft.client.renderer.texture.TextureAtlas/]: Created: 512x512x4 minecraft:textures/atlas/banner_patterns.png-atlas
[30iun.2025 21:49:32.130] [Render thread/INFO] [net.minecraft.client.renderer.texture.TextureAtlas/]: Created: 1024x1024x4 minecraft:textures/atlas/armor_trims.png-atlas
[30iun.2025 21:49:32.137] [Render thread/INFO] [net.minecraft.client.renderer.texture.TextureAtlas/]: Created: 128x64x4 minecraft:textures/atlas/decorated_pot.png-atlas
[30iun.2025 21:49:32.138] [Render thread/INFO] [net.minecraft.client.renderer.texture.TextureAtlas/]: Created: 256x256x4 minecraft:textures/atlas/chest.png-atlas
[30iun.2025 21:49:32.138] [Render thread/INFO] [net.minecraft.client.renderer.texture.TextureAtlas/]: Created: 512x256x4 minecraft:textures/atlas/shulker_boxes.png-atlas
[30iun.2025 21:49:32.138] [Render thread/INFO] [net.minecraft.client.renderer.texture.TextureAtlas/]: Created: 512x256x4 minecraft:textures/atlas/beds.png-atlas
[30iun.2025 21:49:32.235] [Render thread/INFO] [net.minecraft.client.renderer.texture.TextureAtlas/]: Created: 512x256x0 minecraft:textures/atlas/particles.png-atlas
[30iun.2025 21:49:32.237] [Render thread/INFO] [net.minecraft.client.renderer.texture.TextureAtlas/]: Created: 512x256x0 minecraft:textures/atlas/paintings.png-atlas
[30iun.2025 21:49:32.238] [Render thread/INFO] [net.minecraft.client.renderer.texture.TextureAtlas/]: Created: 256x128x0 minecraft:textures/atlas/mob_effects.png-atlas
[30iun.2025 21:49:32.238] [Render thread/INFO] [net.minecraft.client.renderer.texture.TextureAtlas/]: Created: 64x64x0 minecraft:textures/atlas/map_decorations.png-atlas
[30iun.2025 21:49:32.239] [Render thread/INFO] [net.minecraft.client.renderer.texture.TextureAtlas/]: Created: 1024x512x0 minecraft:textures/atlas/gui.png-atlas
[30iun.2025 21:49:32.262] [Render thread/WARN] [net.minecraft.client.renderer.ShaderInstance/]: Shader rendertype_entity_translucent_emissive could not find sampler named Sampler2 in the specified shader program.
[30iun.2025 21:49:32.319] [Render thread/INFO] [net.minecraft.client.renderer.texture.TextureAtlas/]: Created: 256x256x0 jei:textures/atlas/gui.png-atlas
[30iun.2025 21:49:32.322] [Render thread/INFO] [net.neoforged.neoforge.client.entity.animation.json.AnimationLoader/]: Loaded 0 entity animations
[30iun.2025 21:49:58.779] [Render thread/INFO] [net.minecraft.world.item.crafting.RecipeManager/]: Loaded 1968 recipes
[30iun.2025 21:49:59.023] [Render thread/INFO] [net.minecraft.advancements.AdvancementTree/]: Loaded 2070 advancements
[30iun.2025 21:49:59.606] [Render thread/INFO] [mezz.jei.neoforge.startup.StartEventObserver/]: JEI StartEventObserver received class net.neoforged.neoforge.event.TagsUpdatedEvent too early, ignoring
[30iun.2025 21:49:59.707] [Server thread/INFO] [net.minecraft.client.server.IntegratedServer/]: Starting integrated minecraft server version 1.21.1
[30iun.2025 21:49:59.708] [Server thread/INFO] [net.minecraft.server.MinecraftServer/]: Generating keypair
[30iun.2025 21:49:59.847] [Server thread/WARN] [net.neoforged.neoforge.server.ServerLifecycleHooks/]: Detected minecraft:ocelot that was registered with CREATURE mob category but was added under MONSTER mob category for regions_unexplored:eucalyptus_forest biome! Mobs should be added to biomes under the same mob category that the mob was registered as to prevent mob cap spawning issues.
[30iun.2025 21:49:59.861] [Server thread/WARN] [net.neoforged.neoforge.server.ServerLifecycleHooks/]: Detected minecraft:ocelot that was registered with CREATURE mob category but was added under MONSTER mob category for regions_unexplored:rainforest biome! Mobs should be added to biomes under the same mob category that the mob was registered as to prevent mob cap spawning issues.
[30iun.2025 21:49:59.866] [Server thread/WARN] [net.neoforged.neoforge.server.ServerLifecycleHooks/]: Detected minecraft:ocelot that was registered with CREATURE mob category but was added under MONSTER mob category for regions_unexplored:sparse_rainforest biome! Mobs should be added to biomes under the same mob category that the mob was registered as to prevent mob cap spawning issues.
[30iun.2025 21:49:59.869] [Server thread/WARN] [net.neoforged.neoforge.server.ServerLifecycleHooks/]: Detected minecraft:ocelot that was registered with CREATURE mob category but was added under MONSTER mob category for regions_unexplored:tropics biome! Mobs should be added to biomes under the same mob category that the mob was registered as to prevent mob cap spawning issues.
[30iun.2025 21:49:59.883] [Server thread/INFO] [terrablender/]: Initialized TerraBlender biomes for level stem minecraft:the_nether
[30iun.2025 21:50:00.536] [Server thread/INFO] [terrablender/]: Initialized TerraBlender biomes for level stem minecraft:overworld
[30iun.2025 21:50:02.778] [Server thread/INFO] [Regions Unexplored/]: Loading dimension "minecraft:the_nether" with biome source: "minecraft:multi_noise".
[30iun.2025 21:50:02.779] [Server thread/INFO] [net.minecraft.server.MinecraftServer/]: Preparing start region for dimension minecraft:overworld
[30iun.2025 21:50:03.224] [progressListener/INFO] [net.minecraft.server.level.progress.LoggerChunkProgressListener/]: Preparing spawn area: 0%
[30iun.2025 21:50:03.306] [progressListener/INFO] [net.minecraft.server.level.progress.LoggerChunkProgressListener/]: Preparing spawn area: 18%
[30iun.2025 21:50:03.453] [Server thread/INFO] [net.neoforged.neoforge.server.permission.PermissionAPI/]: Successfully initialized permission handler neoforge:default_handler
[30iun.2025 21:50:03.454] [Server thread/WARN] [net.neoforged.neoforge.common.TagConventionLogWarning/]: 
   Dev warning - Legacy Tags detected. Please migrate your 'forge' namespace tags to the 'c' namespace! See net.neoforged.neoforge.common.Tags.java for all tags.
   NOTE: Many tags have been moved around or renamed. Some new ones were added so please review the new tags.
    And make sure you follow tag conventions for new tags! The convention is `c` with nouns generally being plural and adjectives being singular.
   You can disable this message in NeoForge's common config by setting `logLegacyTagWarnings` to "SILENCED" or see individual tags with "DEV_VERBOSE".

[30iun.2025 21:50:03.459] [progressListener/INFO] [net.minecraft.server.level.progress.LoggerChunkProgressListener/]: Time elapsed: 665 ms
[30iun.2025 21:50:03.557] [Server thread/INFO] [net.minecraft.client.server.IntegratedServer/]: Changing view distance to 12, from 10
[30iun.2025 21:50:03.557] [Server thread/INFO] [net.minecraft.client.server.IntegratedServer/]: Changing simulation distance to 12, from 0
[30iun.2025 21:50:04.273] [Render thread/INFO] [mezz.jei.neoforge.startup.StartEventObserver/]: JEI StartEventObserver received class net.neoforged.neoforge.event.TagsUpdatedEvent
[30iun.2025 21:50:04.736] [Server thread/INFO] [net.minecraft.server.players.PlayerList/]: Dev[local:E:f3b1c31f] logged in with entity id 65 at (3.1264619536787945, 67.0, 8.699999988079071)
[30iun.2025 21:50:04.835] [Server thread/INFO] [net.minecraft.server.MinecraftServer/]: Dev joined the game
[30iun.2025 21:50:04.919] [Render thread/INFO] [ChunkBuilder/]: Started 2 worker threads
[30iun.2025 21:50:05.203] [Render thread/INFO] [mezz.jei.neoforge.startup.StartEventObserver/]: JEI StartEventObserver received class net.neoforged.neoforge.client.event.RecipesUpdatedEvent
[30iun.2025 21:50:05.203] [Render thread/INFO] [mezz.jei.neoforge.startup.StartEventObserver/]: JEI StartEventObserver transitioning state from LISTENING to JEI_STARTED
[30iun.2025 21:50:05.206] [Render thread/INFO] [mezz.jei.core.util.LoggedTimer/]: Starting JEI...
[30iun.2025 21:50:05.227] [Render thread/INFO] [mezz.jei.library.load.PluginCaller/]: Registering item subtypes...
[30iun.2025 21:50:05.242] [Render thread/INFO] [mezz.jei.library.load.PluginCallerTimerRunnable/]: Registering item subtypes: jei:minecraft took 13.76 milliseconds
[30iun.2025 21:50:05.243] [Render thread/INFO] [mezz.jei.library.load.PluginCaller/]: Registering item subtypes took 15.39 ms
[30iun.2025 21:50:05.243] [Render thread/INFO] [mezz.jei.library.load.PluginCaller/]: Registering fluid subtypes...
[30iun.2025 21:50:05.245] [Render thread/INFO] [mezz.jei.library.load.PluginCaller/]: Registering fluid subtypes took 1.949 ms
[30iun.2025 21:50:05.252] [Render thread/INFO] [mezz.jei.library.load.PluginCaller/]: Registering ingredients...
[30iun.2025 21:50:05.492] [Render thread/WARN] [mezz.jei.library.plugins.vanilla.ingredients.ItemStackListFactory/]: Item Group has no display items and no search tab display items. Items from this group will be missing from the JEI ingredient list. Operator Utilities
[30iun.2025 21:50:05.527] [Render thread/INFO] [mezz.jei.library.load.PluginCallerTimerRunnable/]: Registering ingredients: jei:minecraft took 274.4 milliseconds
[30iun.2025 21:50:05.527] [Render thread/INFO] [mezz.jei.library.load.PluginCaller/]: Registering ingredients took 275.6 ms
[30iun.2025 21:50:05.528] [Render thread/INFO] [mezz.jei.library.load.PluginCaller/]: Registering extra ingredients...
[30iun.2025 21:50:05.529] [Render thread/INFO] [mezz.jei.library.load.PluginCaller/]: Registering extra ingredients took 397.8 μs
[30iun.2025 21:50:05.529] [Render thread/INFO] [mezz.jei.library.load.PluginCaller/]: Registering search ingredient aliases...
[30iun.2025 21:50:05.530] [Render thread/INFO] [mezz.jei.library.load.PluginCaller/]: Registering search ingredient aliases took 889.7 μs
[30iun.2025 21:50:05.546] [Render thread/INFO] [mezz.jei.library.load.PluginCaller/]: Registering Mod Info...
[30iun.2025 21:50:05.547] [Render thread/INFO] [mezz.jei.library.load.PluginCaller/]: Registering Mod Info took 492.8 μs
[30iun.2025 21:50:05.596] [Render thread/INFO] [mezz.jei.library.load.PluginCaller/]: Registering categories...
[30iun.2025 21:50:05.617] [Render thread/INFO] [mezz.jei.library.load.PluginCallerTimerRunnable/]: Registering categories: jei:minecraft took 20.45 milliseconds
[30iun.2025 21:50:05.624] [Render thread/INFO] [mezz.jei.library.load.PluginCaller/]: Registering categories took 27.02 ms
[30iun.2025 21:50:05.625] [Render thread/INFO] [mezz.jei.library.load.PluginCaller/]: Registering vanilla category extensions...
[30iun.2025 21:50:05.628] [Render thread/INFO] [mezz.jei.library.load.PluginCaller/]: Registering vanilla category extensions took 2.820 ms
[30iun.2025 21:50:05.629] [Render thread/INFO] [mezz.jei.library.load.PluginCaller/]: Registering recipe catalysts...
[30iun.2025 21:50:05.630] [Render thread/INFO] [mezz.jei.library.load.PluginCaller/]: Registering recipe catalysts took 964.3 μs
[30iun.2025 21:50:05.631] [Render thread/INFO] [mezz.jei.core.util.LoggedTimer/]: Building recipe registry...
[30iun.2025 21:50:05.650] [Render thread/INFO] [mezz.jei.core.util.LoggedTimer/]: Building recipe registry took 18.48 ms
[30iun.2025 21:50:05.651] [Render thread/INFO] [mezz.jei.library.load.PluginCaller/]: Registering advanced plugins...
[30iun.2025 21:50:05.652] [Render thread/INFO] [mezz.jei.library.load.PluginCaller/]: Registering advanced plugins took 390.1 μs
[30iun.2025 21:50:05.653] [Render thread/INFO] [mezz.jei.library.load.PluginCaller/]: Registering recipes...
[30iun.2025 21:50:05.882] [Render thread/INFO] [mezz.jei.library.load.PluginCallerTimerRunnable/]: Registering recipes: jei:minecraft took 229.5 milliseconds
[30iun.2025 21:50:05.975] [Render thread/INFO] [mezz.jei.library.load.PluginCallerTimerRunnable/]: Registering recipes: jei:internal took 92.36 milliseconds
[30iun.2025 21:50:05.976] [Render thread/INFO] [mezz.jei.library.load.PluginCaller/]: Registering recipes took 322.7 ms
[30iun.2025 21:50:05.985] [Render thread/INFO] [mezz.jei.library.load.PluginCaller/]: Registering recipes transfer handlers...
[30iun.2025 21:50:05.988] [Render thread/INFO] [mezz.jei.library.load.PluginCaller/]: Registering recipes transfer handlers took 3.198 ms
[30iun.2025 21:50:06.004] [Render thread/INFO] [mezz.jei.core.util.LoggedTimer/]: Building runtime...
[30iun.2025 21:50:06.010] [Render thread/INFO] [mezz.jei.library.load.PluginCaller/]: Registering gui handlers...
[30iun.2025 21:50:06.019] [Render thread/INFO] [mezz.jei.library.load.PluginCaller/]: Registering gui handlers took 8.193 ms
[30iun.2025 21:50:06.026] [Render thread/INFO] [mezz.jei.library.load.PluginCaller/]: Registering Runtime...
[30iun.2025 21:50:06.028] [Render thread/INFO] [mezz.jei.gui.startup.JeiGuiStarter/]: Starting JEI GUI
[30iun.2025 21:50:06.029] [Render thread/INFO] [mezz.jei.core.util.LoggedTimer/]: Building ingredient list...
[30iun.2025 21:50:06.071] [Render thread/INFO] [mezz.jei.core.util.LoggedTimer/]: Building ingredient list took 41.79 ms
[30iun.2025 21:50:06.071] [Render thread/INFO] [mezz.jei.core.util.LoggedTimer/]: Building ingredient filter...
[30iun.2025 21:50:06.114] [Render thread/INFO] [mezz.jei.gui.ingredients.IngredientFilter/]: Adding 2473 ingredients
[30iun.2025 21:50:06.491] [Render thread/INFO] [mezz.jei.gui.ingredients.IngredientFilter/]: Added 2473 ingredients
[30iun.2025 21:50:06.492] [Render thread/INFO] [mezz.jei.core.util.LoggedTimer/]: Building ingredient filter took 420.1 ms
[30iun.2025 21:50:06.562] [Render thread/INFO] [mezz.jei.library.load.PluginCallerTimerRunnable/]: Registering Runtime: jei:neoforge_gui took 535.8 milliseconds
[30iun.2025 21:50:06.563] [Render thread/INFO] [mezz.jei.library.load.PluginCaller/]: Registering Runtime took 536.8 ms
[30iun.2025 21:50:06.564] [Render thread/INFO] [mezz.jei.core.util.LoggedTimer/]: Building runtime took 558.9 ms
[30iun.2025 21:50:06.564] [Render thread/INFO] [mezz.jei.library.load.PluginCaller/]: Sending Runtime...
[30iun.2025 21:50:06.565] [Render thread/INFO] [mezz.jei.library.load.PluginCaller/]: Sending Runtime took 418.8 μs
[30iun.2025 21:50:06.565] [Render thread/INFO] [mezz.jei.core.util.LoggedTimer/]: Starting JEI took 1.359 s
[30iun.2025 21:50:06.585] [Render thread/INFO] [net.minecraft.advancements.AdvancementTree/]: Loaded 16 advancements
[30iun.2025 21:50:07.444] [Server thread/INFO] [net.minecraft.client.server.IntegratedServer/]: Saving and pausing game...
[30iun.2025 21:50:07.465] [Server thread/INFO] [net.minecraft.server.MinecraftServer/]: Saving chunks for level 'ServerLevel[Lumber :D]'/minecraft:overworld
[30iun.2025 21:50:07.544] [Server thread/INFO] [net.minecraft.server.MinecraftServer/]: Saving chunks for level 'ServerLevel[Lumber :D]'/minecraft:the_nether
[30iun.2025 21:50:07.545] [Server thread/INFO] [net.minecraft.server.MinecraftServer/]: Saving chunks for level 'ServerLevel[Lumber :D]'/minecraft:the_end
[30iun.2025 21:51:47.968] [Render thread/INFO] [net.minecraft.client.Minecraft/]: Stopping!
[30iun.2025 21:51:47.972] [Render thread/INFO] [mezz.jei.neoforge.startup.StartEventObserver/]: JEI StartEventObserver received class net.neoforged.neoforge.client.event.ClientPlayerNetworkEvent$LoggingOut
[30iun.2025 21:51:47.972] [Render thread/INFO] [mezz.jei.neoforge.startup.StartEventObserver/]: JEI StartEventObserver transitioning state from JEI_STARTED to LISTENING
[30iun.2025 21:51:47.972] [Render thread/INFO] [mezz.jei.library.startup.JeiStarter/]: Stopping JEI
[30iun.2025 21:51:47.973] [Render thread/INFO] [mezz.jei.library.load.PluginCaller/]: Sending Runtime Unavailable...
[30iun.2025 21:51:47.973] [Render thread/INFO] [mezz.jei.neoforge.plugins.neoforge.NeoForgeGuiPlugin/]: Stopping JEI GUI
[30iun.2025 21:51:47.976] [Render thread/INFO] [mezz.jei.library.load.PluginCaller/]: Sending Runtime Unavailable took 3.161 ms
[30iun.2025 21:51:48.027] [Server thread/INFO] [net.minecraft.server.network.ServerGamePacketListenerImpl/]: Dev lost connection: Disconnected
[30iun.2025 21:51:48.028] [Server thread/INFO] [net.minecraft.server.MinecraftServer/]: Dev left the game
[30iun.2025 21:51:48.050] [Server thread/INFO] [net.minecraft.server.network.ServerCommonPacketListenerImpl/]: Stopping singleplayer server as player logged out
[30iun.2025 21:51:48.107] [Server thread/INFO] [net.minecraft.server.MinecraftServer/]: Stopping server
[30iun.2025 21:51:48.107] [Server thread/INFO] [net.minecraft.server.MinecraftServer/]: Saving players
[30iun.2025 21:51:48.108] [Server thread/INFO] [net.minecraft.server.MinecraftServer/]: Saving worlds
[30iun.2025 21:51:48.846] [Server thread/INFO] [net.minecraft.server.MinecraftServer/]: Saving chunks for level 'ServerLevel[Lumber :D]'/minecraft:overworld
[30iun.2025 21:51:49.005] [Server thread/INFO] [net.minecraft.server.MinecraftServer/]: Saving chunks for level 'ServerLevel[Lumber :D]'/minecraft:the_nether
[30iun.2025 21:51:49.015] [Server thread/INFO] [net.minecraft.server.MinecraftServer/]: Saving chunks for level 'ServerLevel[Lumber :D]'/minecraft:the_end
[30iun.2025 21:51:49.037] [Server thread/INFO] [net.minecraft.server.MinecraftServer/]: ThreadedAnvilChunkStorage (Lumber _D): All chunks are saved
[30iun.2025 21:51:49.037] [Server thread/INFO] [net.minecraft.server.MinecraftServer/]: ThreadedAnvilChunkStorage (DIM-1): All chunks are saved
[30iun.2025 21:51:49.037] [Server thread/INFO] [net.minecraft.server.MinecraftServer/]: ThreadedAnvilChunkStorage (DIM1): All chunks are saved
[30iun.2025 21:51:49.037] [Server thread/INFO] [net.minecraft.server.MinecraftServer/]: ThreadedAnvilChunkStorage: All dimensions are saved
[30iun.2025 21:51:49.064] [Render thread/INFO] [ChunkBuilder/]: Stopping worker threads
