[13:21:43] [main/INFO] (FabricLoader/GameProvider) Loading Minecraft 1.21.1 with Fabric Loader 0.16.14
[13:21:44] [main/INFO] (FabricLoader) Loading 70 mods:
	- architectury 13.0.8
	- cloth-config 15.0.140
	   \-- cloth-basic-math 0.6.1
	- fabric-api 0.116.4+1.21.1
	- fabric-api-base 0.4.42+6573ed8c19
	- fabric-api-lookup-api-v1 1.6.71+b559734419
	- fabric-biome-api-v1 13.0.31+d527f9fd19
	- fabric-block-api-v1 1.1.0+0bc3503219
	- fabric-block-view-api-v2 1.0.11+ebb2264e19
	- fabric-blockrenderlayer-v1 1.1.52+0af3f5a719
	- fabric-client-tags-api-v1 1.1.15+6573ed8c19
	- fabric-command-api-v1 1.2.49+f71b366f19
	- fabric-command-api-v2 2.2.28+6ced4dd919
	- fabric-commands-v0 0.2.66+df3654b319
	- fabric-content-registries-v0 8.0.19+b559734419
	- fabric-convention-tags-v1 2.1.5+7f945d5b19
	- fabric-convention-tags-v2 2.11.1+a406e79519
	- fabric-crash-report-info-v1 0.2.29+0af3f5a719
	- fabric-data-attachment-api-v1 1.4.5+6116a37819
	- fabric-data-generation-api-v1 20.2.32+5b9dea2e19
	- fabric-dimensions-v1 4.0.0+6fc22b9919
	- fabric-entity-events-v1 1.8.0+2b27e0a419
	- fabric-events-interaction-v0 0.7.13+ba9dae0619
	- fabric-game-rule-api-v1 1.0.53+6ced4dd919
	- fabric-gametest-api-v1 2.0.5+6fc22b9919
	- fabric-item-api-v1 11.1.1+d5debaed19
	- fabric-item-group-api-v1 4.1.7+def88e3a19
	- fabric-key-binding-api-v1 1.0.47+0af3f5a719
	- fabric-keybindings-v0 0.2.45+df3654b319
	- fabric-lifecycle-events-v1 2.6.0+0865547519
	- fabric-loot-api-v2 3.0.15+3f89f5a519
	- fabric-loot-api-v3 1.0.3+3f89f5a519
	- fabric-message-api-v1 6.0.14+8aaf3aca19
	- fabric-model-loading-api-v1 2.0.0+fe474d6b19
	- fabric-networking-api-v1 4.3.0+c7469b2119
	- fabric-object-builder-api-v1 15.2.1+40875a9319
	- fabric-particles-v1 4.0.2+6573ed8c19
	- fabric-recipe-api-v1 5.0.14+248df81c19
	- fabric-registry-sync-v0 5.3.1+e3eddc2119
	- fabric-renderer-api-v1 3.4.0+c705a49c19
	- fabric-renderer-indigo 1.7.0+c705a49c19
	- fabric-renderer-registries-v1 3.2.69+df3654b319
	- fabric-rendering-data-attachment-v1 0.3.49+73761d2e19
	- fabric-rendering-fluids-v1 3.1.6+1daea21519
	- fabric-rendering-v0 1.1.72+df3654b319
	- fabric-rendering-v1 5.1.0+ab4c25a019
	- fabric-resource-conditions-api-v1 4.3.0+8dc279b119
	- fabric-resource-loader-v0 1.3.1+5b5275af19
	- fabric-screen-api-v1 2.0.25+8b68f1c719
	- fabric-screen-handler-api-v1 1.3.90+b559734419
	- fabric-sound-api-v1 1.0.23+6573ed8c19
	- fabric-transfer-api-v1 5.4.3+c24bd99419
	- fabric-transitive-access-wideners-v1 6.2.0+45b9699719
	- fabricloader 0.16.14
	- forgeconfigapiport 21.1.3
	   |-- com_electronwill_night-config_core 3.8.0
	   \-- com_electronwill_night-config_toml 3.8.0
	- generated_453a23e 1.0.0
	- java 21
	- lithium 0.15.0+mc1.21.1
	- manywood 1.0.0
	- minecraft 1.21.1
	- mixinextras 0.4.1
	- modmenu 11.0.3
	   \-- placeholder-api 2.4.0-pre.2+1.21
	- regions_unexplored 0.5.6.1
	- roughlyenoughitems 16.0.799
	   \-- error_notifier 1.0.11
	- sodium 0.6.13+mc1.21.1
	- terrablender 4.1.0.8
[13:21:51] [pool-4-thread-8/WARN] (FabricLoader/ModRemap) Cannot remap lambda$updateBlockEntityTicker$6 because it does not exists in any of the targets [net/minecraft/class_2818]
[13:21:51] [pool-4-thread-8/WARN] (FabricLoader/ModRemap) Cannot remap lambda$updateBlockEntityTicker$6 because it does not exists in any of the targets [net/minecraft/class_2818]
[13:21:52] [pool-4-thread-2/WARN] (FabricLoader/ModRemap) Cannot remap getHeldItem because it does not exists in any of the targets [net/minecraft/class_3727]
[13:21:52] [pool-4-thread-2/WARN] (FabricLoader/ModRemap) Cannot remap lambda$create$5 because it does not exists in any of the targets [net/minecraft/class_4246]
[13:21:52] [pool-4-thread-2/WARN] (FabricLoader/ModRemap) Cannot remap lambda$create$8 because it does not exists in any of the targets [net/minecraft/class_4246]
[13:21:52] [pool-4-thread-8/WARN] (FabricLoader/ModRemap) Cannot remap iterateVisibleBlockEntities because it does not exists in any of the targets [net/minecraft/class_761]
[13:21:52] [pool-4-thread-4/WARN] (FabricLoader/ModRemap) Cannot remap lambda$init$2 because it does not exists in any of the targets [net/minecraft/class_429]
[13:21:52] [pool-4-thread-8/WARN] (FabricLoader/ModRemap) Cannot remap lambda$getTickets$7 because it does not exists in any of the targets [net/minecraft/class_3204]
[13:21:52] [pool-4-thread-7/WARN] (FabricLoader/ModRemap) Cannot remap getRenderLayers because it does not exists in any of the targets [net/minecraft/class_4696]
[13:21:59] [main/INFO] (FabricLoader/Mixin) SpongePowered MIXIN Subsystem Version=0.8.7 Source=file:/C:/Users/elise/.gradle/caches/modules-2/files-2.1/net.fabricmc/sponge-mixin/0.15.5+mixin.0.8.7/22f9eb729e216a091673a574a5906dc1b9027fb3/sponge-mixin-0.15.5+mixin.0.8.7.jar Service=Knot/Fabric Env=CLIENT
[13:21:59] [main/INFO] (FabricLoader/Mixin) Loaded Fabric development mappings for mixin remapper!
[13:21:59] [main/INFO] (FabricLoader/Mixin) Compatibility level set to JAVA_17
[13:21:59] [main/INFO] (FabricLoader/Mixin) Compatibility level set to JAVA_21
[13:22:00] [main/WARN] (FabricLoader/Mixin) Reference map 'forgeconfigapiport.common.refmap.json' for forgeconfigapiport.common.mixins.json could not be read. If this is a development environment you can ignore this message
[13:22:00] [main/INFO] (LithiumConfig) Option 'mixin.entity.collisions.fluid' requires 'mixin.util.block_tracking=true' but found 'false'. Setting 'mixin.entity.collisions.fluid=false'.
[13:22:00] [main/INFO] (LithiumConfig) Option 'mixin.experimental.entity.block_caching.block_support' requires 'mixin.util.block_tracking=true' but found 'false'. Setting 'mixin.experimental.entity.block_caching.block_support=false'.
[13:22:00] [main/INFO] (LithiumConfig) Option 'mixin.experimental.entity.block_caching.fluid_pushing' requires 'mixin.util.block_tracking=true' but found 'false'. Setting 'mixin.experimental.entity.block_caching.fluid_pushing=false'.
[13:22:00] [main/INFO] (LithiumConfig) Option 'mixin.experimental.entity.block_caching.block_touching' requires 'mixin.util.block_tracking=true' but found 'false'. Setting 'mixin.experimental.entity.block_caching.block_touching=false'.
[13:22:00] [main/INFO] (LithiumConfig) Option 'mixin.experimental.entity.block_caching.suffocation' requires 'mixin.util.block_tracking=true' but found 'false'. Setting 'mixin.experimental.entity.block_caching.suffocation=false'.
[13:22:00] [main/INFO] (LithiumConfig) Option 'mixin.experimental.entity.block_caching' requires 'mixin.util.block_tracking=true' but found 'false'. Setting 'mixin.experimental.entity.block_caching=false'.
[13:22:00] [main/INFO] (Lithium) Loaded configuration file for Lithium: 149 options available, 0 override(s) found
[13:22:00] [main/INFO] (Sodium) Loaded configuration file for Sodium: 43 options available, 0 override(s) found
[13:22:02] [main/INFO] (Sodium-GraphicsAdapterProbe) Searching for graphics cards...
[13:22:02] [main/INFO] (Sodium-GraphicsAdapterProbe) Found graphics adapter: AdapterInfo{vendor=NVIDIA, description='NVIDIA GeForce GTX 1650', adapterType=0x00000313, openglIcdFilePath='C:\Windows\System32\DriverStore\FileRepository\nvdmi.inf_amd64_dfdc983b5bba52e5\nvoglv64.dll', openglIcdVersion=32.0.15.7652}
[13:22:02] [main/INFO] (Sodium-GraphicsAdapterProbe) Found graphics adapter: AdapterInfo{vendor=INTEL, description='Intel(R) UHD Graphics', adapterType=0x0000032B, openglIcdFilePath='C:\Windows\System32\DriverStore\FileRepository\iigd_dch.inf_amd64_54de2c221fcb5571\ig9icd64.dll', openglIcdVersion=31.0.101.2125}
[13:22:02] [main/WARN] (Sodium-Workarounds) Sodium has applied one or more workarounds to prevent crashes or other issues on your system: [NVIDIA_THREADED_OPTIMIZATIONS_BROKEN]
[13:22:02] [main/WARN] (Sodium-Workarounds) This is not necessarily an issue, but it may result in certain features or optimizations being disabled. You can sometimes fix these issues by upgrading your graphics driver.
[13:22:04] [main/INFO] (FabricLoader/MixinExtras|Service) Initializing MixinExtras via com.llamalad7.mixinextras.service.MixinExtrasServiceImpl(version=0.4.1).
[13:22:07] [Datafixer Bootstrap/INFO] (Minecraft) 226 Datafixer optimizations took 866 milliseconds
[13:22:18] [Render thread/INFO] (Minecraft) Environment: Environment[sessionHost=https://sessionserver.mojang.com, servicesHost=https://api.minecraftservices.com, name=PROD]
[13:22:18] [Render thread/INFO] (Minecraft) Setting user: Player248
[13:22:19] [Render thread/INFO] (REI) [REI] Config loaded
[13:22:19] [Render thread/INFO] (NetworkManagerImpl) Registering S2C receiver with id roughlyenoughitems:request_tags_s2c
[13:22:19] [Render thread/INFO] (NetworkManagerImpl) Registering C2S receiver with id roughlyenoughitems:request_tags_c2s
[13:22:19] [Render thread/INFO] (REI) [REI] Registered plugin provider DefaultPlugin [roughlyenoughitems] for REIPlugin
[13:22:19] [Render thread/INFO] (REI) [REI] Registered plugin provider DefaultRuntimePlugin [roughlyenoughitems] for REIPlugin
[13:22:19] [Render thread/INFO] (REI) [REI] Registered plugin provider DefaultClientPlugin [roughlyenoughitems] for REIPlugin
[13:22:19] [Render thread/INFO] (REI) [REI] Registered plugin provider DefaultClientRuntimePlugin [roughlyenoughitems] for REIPlugin
[13:22:19] [Render thread/INFO] (REI) [REI] Registered plugin provider HideIngredientsFromTagsPlugin [roughlyenoughitems] for REIPlugin
[13:22:19] [Render thread/INFO] (REI) [REI] Registered plugin provider DefaultPlugin [roughlyenoughitems] for REIServerPlugin
[13:22:19] [Render thread/INFO] (REI) [REI] Registered plugin provider DefaultRuntimePlugin [roughlyenoughitems] for REIServerPlugin
[13:22:19] [Render thread/INFO] (REI) [REI] Registered plugin provider FabricFluidAPISupportPlugin for REIServerPlugin
[13:22:19] [Render thread/INFO] (REI) [REI] Registered plugin provider FabricFluidAPISupportPlugin for REIPlugin
[13:22:19] [Render thread/INFO] (NetworkManagerImpl) Registering C2S receiver with id roughlyenoughitems:delete_item
[13:22:19] [Render thread/INFO] (NetworkManagerImpl) Registering C2S receiver with id roughlyenoughitems:create_item
[13:22:19] [Render thread/INFO] (NetworkManagerImpl) Registering C2S receiver with id roughlyenoughitems:create_item_grab
[13:22:19] [Render thread/INFO] (NetworkManagerImpl) Registering C2S receiver with id roughlyenoughitems:create_item_hotbar
[13:22:19] [Render thread/INFO] (NetworkManagerImpl) Registering C2S receiver with id roughlyenoughitems:move_items
[13:22:19] [Render thread/INFO] (NetworkManagerImpl) Registering C2S receiver with id roughlyenoughitems:move_items_new
[13:22:19] [Render thread/INFO] (Regions Unexplored) [Regions Unexplored] generating and loading config
[13:22:19] [Render thread/INFO] (Regions Unexplored) Initializing Regions Unexplored from Fabric Mod Initializer entrypoint.
[13:22:21] [Render thread/INFO] (Regions Unexplored) Already initialized Regions Unexplored from Fabric Mod Initializer entrypoint.
[13:22:21] [Render thread/INFO] (terrablender) Registered region minecraft:overworld to index 0 for type OVERWORLD
[13:22:21] [Render thread/INFO] (terrablender) Registered region minecraft:nether to index 0 for type NETHER
[13:22:21] [Render thread/INFO] (terrablender) Registered region regions_unexplored:primary to index 1 for type OVERWORLD
[13:22:21] [Render thread/INFO] (terrablender) Registered region regions_unexplored:secondary to index 2 for type OVERWORLD
[13:22:21] [Render thread/INFO] (terrablender) Registered region regions_unexplored:nether to index 1 for type NETHER
[13:22:22] [Render thread/INFO] (Mod Menu/Update Checker) Checking mod updates...
[13:22:22] [Render thread/INFO] (REI) [REI] Registered plugin provider DefaultClientPlugin [roughlyenoughitems] for REIClientPlugin
[13:22:22] [Render thread/INFO] (REI) [REI] Registered plugin provider DefaultClientRuntimePlugin [roughlyenoughitems] for REIClientPlugin
[13:22:22] [Render thread/INFO] (REI) [REI] Registered plugin provider HideIngredientsFromTagsPlugin [roughlyenoughitems] for REIClientPlugin
[13:22:22] [Render thread/INFO] (NetworkManagerImpl) Registering S2C receiver with id roughlyenoughitems:ci_msg
[13:22:22] [Render thread/INFO] (NetworkManagerImpl) Registering S2C receiver with id roughlyenoughitems:og_not_enough
[13:22:23] [Render thread/INFO] (NetworkManagerImpl) Registering S2C receiver with id architectury:spawn_entity_packet
[13:22:23] [Render thread/INFO] (Indigo) [Indigo] Different rendering plugin detected; not applying Indigo.
[13:22:23] [Render thread/INFO] (Minecraft) Backend library: LWJGL version 3.3.3-snapshot
[13:22:23] [Render thread/INFO] (Sodium-NvidiaWorkarounds) Modifying process environment to apply workarounds for the NVIDIA graphics driver...
[13:22:24] [Render thread/INFO] (Minecraft) OpenGL Vendor: NVIDIA Corporation
[13:22:24] [Render thread/INFO] (Minecraft) OpenGL Renderer: NVIDIA GeForce GTX 1650/PCIe/SSE2
[13:22:24] [Render thread/INFO] (Minecraft) OpenGL Version: 3.2.0 NVIDIA 576.52
[13:22:24] [Render thread/INFO] (Sodium-NvidiaWorkarounds) Modifying OpenGL context to apply workarounds for the NVIDIA graphics driver...
[13:22:24] [Render thread/INFO] (Sodium-NvidiaWorkarounds) Enabling GL_DEBUG_OUTPUT_SYNCHRONOUS to force the NVIDIA driver to disable threadedcommand submission
[13:22:26] [Render thread/INFO] (Minecraft) Reloading ResourceManager: vanilla, fabric, cloth-config, fabric-api, fabric-api-base, fabric-api-lookup-api-v1, fabric-biome-api-v1, fabric-block-api-v1, fabric-block-view-api-v2, fabric-blockrenderlayer-v1, fabric-client-tags-api-v1, fabric-command-api-v1, fabric-command-api-v2, fabric-commands-v0, fabric-content-registries-v0, fabric-convention-tags-v1, fabric-convention-tags-v2, fabric-crash-report-info-v1, fabric-data-attachment-api-v1, fabric-data-generation-api-v1, fabric-dimensions-v1, fabric-entity-events-v1, fabric-events-interaction-v0, fabric-game-rule-api-v1, fabric-gametest-api-v1, fabric-item-api-v1, fabric-item-group-api-v1, fabric-key-binding-api-v1, fabric-keybindings-v0, fabric-lifecycle-events-v1, fabric-loot-api-v2, fabric-loot-api-v3, fabric-message-api-v1, fabric-model-loading-api-v1, fabric-networking-api-v1, fabric-object-builder-api-v1, fabric-particles-v1, fabric-recipe-api-v1, fabric-registry-sync-v0, fabric-renderer-api-v1, fabric-renderer-indigo, fabric-renderer-registries-v1, fabric-rendering-data-attachment-v1, fabric-rendering-fluids-v1, fabric-rendering-v0, fabric-rendering-v1, fabric-resource-conditions-api-v1, fabric-resource-loader-v0, fabric-screen-api-v1, fabric-screen-handler-api-v1, fabric-sound-api-v1, fabric-transfer-api-v1, fabric-transitive-access-wideners-v1, fabricloader, forgeconfigapiport, generated_453a23e, lithium, modmenu, regions_unexplored, roughlyenoughitems, sodium, terrablender
[13:22:26] [Worker-Main-5/INFO] (Minecraft) Found unifont_all_no_pua-15.1.05.hex, loading
[13:22:27] [Worker-Main-2/INFO] (Minecraft) Found unifont_jp_patch-15.1.05.hex, loading
[13:22:30] [Render thread/WARN] (Minecraft) Missing sound for event: minecraft:item.goat_horn.play
[13:22:30] [Render thread/WARN] (Minecraft) Missing sound for event: minecraft:entity.goat.screaming.horn_break
[13:22:31] [Render thread/INFO] (Minecraft) OpenAL initialized on device OpenAL Soft on Boxe (Realtek(R) Audio)
[13:22:31] [Render thread/INFO] (Minecraft) Sound engine started
[13:22:31] [Render thread/INFO] (Minecraft) Created: 1024x1024x4 minecraft:textures/atlas/blocks.png-atlas
[13:22:31] [Render thread/INFO] (Minecraft) Created: 512x512x4 minecraft:textures/atlas/signs.png-atlas
[13:22:31] [Render thread/INFO] (Minecraft) Created: 512x512x4 minecraft:textures/atlas/banner_patterns.png-atlas
[13:22:31] [Render thread/INFO] (Minecraft) Created: 512x512x4 minecraft:textures/atlas/shield_patterns.png-atlas
[13:22:31] [Render thread/INFO] (Minecraft) Created: 1024x1024x4 minecraft:textures/atlas/armor_trims.png-atlas
[13:22:31] [Render thread/INFO] (Minecraft) Created: 256x256x4 minecraft:textures/atlas/chest.png-atlas
[13:22:31] [Render thread/INFO] (Minecraft) Created: 128x64x4 minecraft:textures/atlas/decorated_pot.png-atlas
[13:22:31] [Render thread/INFO] (Minecraft) Created: 512x256x4 minecraft:textures/atlas/beds.png-atlas
[13:22:31] [Render thread/INFO] (Minecraft) Created: 512x256x4 minecraft:textures/atlas/shulker_boxes.png-atlas
[13:22:31] [Render thread/INFO] (Minecraft) Created: 512x256x0 minecraft:textures/atlas/particles.png-atlas
[13:22:31] [Render thread/INFO] (Minecraft) Created: 512x256x0 minecraft:textures/atlas/paintings.png-atlas
[13:22:31] [Render thread/INFO] (Minecraft) Created: 256x128x0 minecraft:textures/atlas/mob_effects.png-atlas
[13:22:31] [Render thread/INFO] (Minecraft) Created: 64x64x0 minecraft:textures/atlas/map_decorations.png-atlas
[13:22:31] [Render thread/INFO] (Minecraft) Created: 1024x512x0 minecraft:textures/atlas/gui.png-atlas
[13:22:32] [Render thread/WARN] (Minecraft) Shader rendertype_entity_translucent_emissive could not find sampler named Sampler2 in the specified shader program.
[13:22:50] [Render thread/WARN] (Minecraft) Missing data pack generated_4d60fd5
[13:22:50] [Render thread/INFO] (Minecraft) Found new data pack generated_453a23e, loading it automatically
[13:22:50] [Render thread/INFO] (Minecraft) Found new data pack manywood, loading it automatically
[13:22:52] [Worker-Main-7/ERROR] (Minecraft) Couldn't load tag c:lumbers as it is missing following references: manywood:regions_unexplored/alpha_lumber (from generated_453a23e), manywood:regions_unexplored/baobab_lumber (from generated_453a23e), manywood:regions_unexplored/blackwood_lumber (from generated_453a23e), manywood:regions_unexplored/blue_bioshroom_lumber (from generated_453a23e), manywood:regions_unexplored/brimwood_lumber (from generated_453a23e), manywood:regions_unexplored/cobalt_lumber (from generated_453a23e), manywood:regions_unexplored/cypress_lumber (from generated_453a23e), manywood:regions_unexplored/dead_lumber (from generated_453a23e), manywood:regions_unexplored/eucalyptus_lumber (from generated_453a23e), manywood:regions_unexplored/green_bioshroom_lumber (from generated_453a23e), manywood:regions_unexplored/joshua_lumber (from generated_453a23e), manywood:regions_unexplored/kapok_lumber (from generated_453a23e), manywood:regions_unexplored/larch_lumber (from generated_453a23e), manywood:regions_unexplored/magnolia_lumber (from generated_453a23e), manywood:regions_unexplored/maple_lumber (from generated_453a23e), manywood:regions_unexplored/mauve_lumber (from generated_453a23e), manywood:regions_unexplored/palm_lumber (from generated_453a23e), manywood:regions_unexplored/pine_lumber (from generated_453a23e), manywood:regions_unexplored/pink_bioshroom_lumber (from generated_453a23e), manywood:regions_unexplored/redwood_lumber (from generated_453a23e), manywood:regions_unexplored/socotra_lumber (from generated_453a23e), manywood:regions_unexplored/willow_lumber (from generated_453a23e), manywood:regions_unexplored/yellow_bioshroom_lumber (from generated_453a23e), manywood:regions_unexplored/white_painted_lumber (from generated_453a23e), manywood:regions_unexplored/light_gray_painted_lumber (from generated_453a23e), manywood:regions_unexplored/gray_painted_lumber (from generated_453a23e), manywood:regions_unexplored/black_painted_lumber (from generated_453a23e), manywood:regions_unexplored/brown_painted_lumber (from generated_453a23e), manywood:regions_unexplored/red_painted_lumber (from generated_453a23e), manywood:regions_unexplored/orange_painted_lumber (from generated_453a23e), manywood:regions_unexplored/yellow_painted_lumber (from generated_453a23e), manywood:regions_unexplored/lime_painted_lumber (from generated_453a23e), manywood:regions_unexplored/green_painted_lumber (from generated_453a23e), manywood:regions_unexplored/cyan_painted_lumber (from generated_453a23e), manywood:regions_unexplored/light_blue_painted_lumber (from generated_453a23e), manywood:regions_unexplored/blue_painted_lumber (from generated_453a23e), manywood:regions_unexplored/purple_painted_lumber (from generated_453a23e), manywood:regions_unexplored/magenta_painted_lumber (from generated_453a23e), manywood:regions_unexplored/pink_painted_lumber (from generated_453a23e)
[13:22:53] [Render thread/ERROR] (Minecraft) Parsing error loading recipe manywood:regions_unexplored/lumber/alpha_lumber
com.google.gson.JsonParseException: Unknown registry key in ResourceKey[minecraft:root / minecraft:item]: manywood:regions_unexplored/alpha_lumber
	at knot/com.mojang.serialization.DataResult$Error.getOrThrow(DataResult.java:287) ~[datafixerupper-8.0.16.jar:?]
	at knot/net.minecraft.world.item.crafting.RecipeManager.apply(RecipeManager.java:62) ~[minecraft-merged-c5422250b6-1.21.1-loom.mappings.1_21_1.layered+hash.40359-v2.jar:?]
	at knot/net.minecraft.world.item.crafting.RecipeManager.apply(RecipeManager.java:35) ~[minecraft-merged-c5422250b6-1.21.1-loom.mappings.1_21_1.layered+hash.40359-v2.jar:?]
	at knot/net.minecraft.server.packs.resources.SimplePreparableReloadListener.method_18790(SimplePreparableReloadListener.java:13) ~[minecraft-merged-c5422250b6-1.21.1-loom.mappings.1_21_1.layered+hash.40359-v2.jar:?]
	at java.base/java.util.concurrent.CompletableFuture$UniAccept.tryFire(CompletableFuture.java:718) ~[?:?]
	at java.base/java.util.concurrent.CompletableFuture$Completion.run(CompletableFuture.java:482) ~[?:?]
	at knot/net.minecraft.server.packs.resources.SimpleReloadInstance.method_18365(SimpleReloadInstance.java:69) ~[minecraft-merged-c5422250b6-1.21.1-loom.mappings.1_21_1.layered+hash.40359-v2.jar:?]
	at knot/net.minecraft.util.thread.BlockableEventLoop.doRunTask(BlockableEventLoop.java:162) ~[minecraft-merged-c5422250b6-1.21.1-loom.mappings.1_21_1.layered+hash.40359-v2.jar:?]
	at knot/net.minecraft.util.thread.ReentrantBlockableEventLoop.doRunTask(ReentrantBlockableEventLoop.java:23) ~[minecraft-merged-c5422250b6-1.21.1-loom.mappings.1_21_1.layered+hash.40359-v2.jar:?]
	at knot/net.minecraft.util.thread.BlockableEventLoop.pollTask(BlockableEventLoop.java:136) ~[minecraft-merged-c5422250b6-1.21.1-loom.mappings.1_21_1.layered+hash.40359-v2.jar:?]
	at knot/net.minecraft.util.thread.BlockableEventLoop.managedBlock(BlockableEventLoop.java:145) ~[minecraft-merged-c5422250b6-1.21.1-loom.mappings.1_21_1.layered+hash.40359-v2.jar:?]
	at knot/net.minecraft.client.gui.screens.worldselection.WorldOpenFlows.loadWorldDataBlocking(WorldOpenFlows.java:182) ~[minecraft-merged-c5422250b6-1.21.1-loom.mappings.1_21_1.layered+hash.40359-v2.jar:?]
	at knot/net.minecraft.client.gui.screens.worldselection.WorldOpenFlows.loadWorldStem(WorldOpenFlows.java:137) ~[minecraft-merged-c5422250b6-1.21.1-loom.mappings.1_21_1.layered+hash.40359-v2.jar:?]
	at knot/net.minecraft.client.gui.screens.worldselection.WorldOpenFlows.openWorldLoadLevelStem(WorldOpenFlows.java:323) ~[minecraft-merged-c5422250b6-1.21.1-loom.mappings.1_21_1.layered+hash.40359-v2.jar:?]
	at knot/net.minecraft.client.gui.screens.worldselection.WorldOpenFlows.openWorldCheckVersionCompatibility(WorldOpenFlows.java:313) ~[minecraft-merged-c5422250b6-1.21.1-loom.mappings.1_21_1.layered+hash.40359-v2.jar:?]
	at knot/net.minecraft.client.gui.screens.worldselection.WorldOpenFlows.openWorldLoadLevelData(WorldOpenFlows.java:278) ~[minecraft-merged-c5422250b6-1.21.1-loom.mappings.1_21_1.layered+hash.40359-v2.jar:?]
	at knot/net.minecraft.client.gui.screens.worldselection.WorldOpenFlows.openWorld(WorldOpenFlows.java:243) ~[minecraft-merged-c5422250b6-1.21.1-loom.mappings.1_21_1.layered+hash.40359-v2.jar:?]
	at knot/net.minecraft.client.gui.screens.worldselection.WorldSelectionList$WorldListEntry.joinWorld(WorldSelectionList.java:434) ~[minecraft-merged-c5422250b6-1.21.1-loom.mappings.1_21_1.layered+hash.40359-v2.jar:?]
	at knot/net.minecraft.client.gui.screens.worldselection.WorldSelectionList$WorldListEntry.mouseClicked(WorldSelectionList.java:411) ~[minecraft-merged-c5422250b6-1.21.1-loom.mappings.1_21_1.layered+hash.40359-v2.jar:?]
	at knot/net.minecraft.client.gui.components.AbstractSelectionList.mouseClicked(AbstractSelectionList.java:315) ~[minecraft-merged-c5422250b6-1.21.1-loom.mappings.1_21_1.layered+hash.40359-v2.jar:?]
	at knot/net.minecraft.client.gui.components.events.ContainerEventHandler.mouseClicked(ContainerEventHandler.java:38) ~[minecraft-merged-c5422250b6-1.21.1-loom.mappings.1_21_1.layered+hash.40359-v2.jar:?]
	at knot/net.minecraft.client.MouseHandler.method_1611(MouseHandler.java:107) ~[minecraft-merged-c5422250b6-1.21.1-loom.mappings.1_21_1.layered+hash.40359-v2.jar:?]
	at knot/net.minecraft.client.gui.screens.Screen.wrapScreenError(Screen.java:431) ~[minecraft-merged-c5422250b6-1.21.1-loom.mappings.1_21_1.layered+hash.40359-v2.jar:?]
	at knot/net.minecraft.client.MouseHandler.onPress(MouseHandler.java:107) ~[minecraft-merged-c5422250b6-1.21.1-loom.mappings.1_21_1.layered+hash.40359-v2.jar:?]
	at knot/net.minecraft.client.MouseHandler.method_22686(MouseHandler.java:196) ~[minecraft-merged-c5422250b6-1.21.1-loom.mappings.1_21_1.layered+hash.40359-v2.jar:?]
	at knot/net.minecraft.util.thread.BlockableEventLoop.execute(BlockableEventLoop.java:108) ~[minecraft-merged-c5422250b6-1.21.1-loom.mappings.1_21_1.layered+hash.40359-v2.jar:?]
	at knot/net.minecraft.client.MouseHandler.method_22684(MouseHandler.java:196) ~[minecraft-merged-c5422250b6-1.21.1-loom.mappings.1_21_1.layered+hash.40359-v2.jar:?]
	at knot/org.lwjgl.glfw.GLFWMouseButtonCallbackI.callback(GLFWMouseButtonCallbackI.java:43) [lwjgl-glfw-3.3.3.jar:?]
	at knot/org.lwjgl.system.JNI.invokeV(Native Method) ~[lwjgl-3.3.3.jar:?]
	at knot/org.lwjgl.glfw.GLFW.glfwWaitEventsTimeout(GLFW.java:3509) [lwjgl-glfw-3.3.3.jar:?]
	at knot/com.mojang.blaze3d.systems.RenderSystem.limitDisplayFPS(RenderSystem.java:184) [minecraft-merged-c5422250b6-1.21.1-loom.mappings.1_21_1.layered+hash.40359-v2.jar:?]
	at knot/net.minecraft.client.Minecraft.runTick(Minecraft.java:1310) [minecraft-merged-c5422250b6-1.21.1-loom.mappings.1_21_1.layered+hash.40359-v2.jar:?]
	at knot/net.minecraft.client.Minecraft.run(Minecraft.java:882) [minecraft-merged-c5422250b6-1.21.1-loom.mappings.1_21_1.layered+hash.40359-v2.jar:?]
	at knot/net.minecraft.client.main.Main.main(Main.java:256) [minecraft-merged-c5422250b6-1.21.1-loom.mappings.1_21_1.layered+hash.40359-v2.jar:?]
	at net.fabricmc.loader.impl.game.minecraft.MinecraftGameProvider.launch(MinecraftGameProvider.java:480) [fabric-loader-0.16.14.jar:?]
	at net.fabricmc.loader.impl.launch.knot.Knot.launch(Knot.java:74) [fabric-loader-0.16.14.jar:?]
	at net.fabricmc.loader.impl.launch.knot.KnotClient.main(KnotClient.java:23) [fabric-loader-0.16.14.jar:?]
	at net.fabricmc.devlaunchinjector.Main.main(Main.java:86) [dev-launch-injector-0.2.1+build.8.jar:?]
	at dev.architectury.transformer.TransformerRuntime.main(TransformerRuntime.java:220) [architectury-transformer-5.2.87-runtime.jar:5.2.87]
[13:22:53] [Render thread/ERROR] (Minecraft) Parsing error loading recipe manywood:regions_unexplored/planks/alpha_planks
com.google.gson.JsonParseException: Map entry '#' : Failed to parse either. First: Input does not contain a key [fabric:type]: MapLike[{"item":"manywood:regions_unexplored/alpha_lumber"}]; Second: Failed to parse either. First: Not a json array: {"item":"manywood:regions_unexplored/alpha_lumber"}; Second: No key tag in MapLike[{"item":"manywood:regions_unexplored/alpha_lumber"}]; Unknown registry key in ResourceKey[minecraft:root / minecraft:item]: manywood:regions_unexplored/alpha_lumber
	at knot/com.mojang.serialization.DataResult$Error.getOrThrow(DataResult.java:287) ~[datafixerupper-8.0.16.jar:?]
	at knot/net.minecraft.world.item.crafting.RecipeManager.apply(RecipeManager.java:62) ~[minecraft-merged-c5422250b6-1.21.1-loom.mappings.1_21_1.layered+hash.40359-v2.jar:?]
	at knot/net.minecraft.world.item.crafting.RecipeManager.apply(RecipeManager.java:35) ~[minecraft-merged-c5422250b6-1.21.1-loom.mappings.1_21_1.layered+hash.40359-v2.jar:?]
	at knot/net.minecraft.server.packs.resources.SimplePreparableReloadListener.method_18790(SimplePreparableReloadListener.java:13) ~[minecraft-merged-c5422250b6-1.21.1-loom.mappings.1_21_1.layered+hash.40359-v2.jar:?]
	at java.base/java.util.concurrent.CompletableFuture$UniAccept.tryFire(CompletableFuture.java:718) ~[?:?]
	at java.base/java.util.concurrent.CompletableFuture$Completion.run(CompletableFuture.java:482) ~[?:?]
	at knot/net.minecraft.server.packs.resources.SimpleReloadInstance.method_18365(SimpleReloadInstance.java:69) ~[minecraft-merged-c5422250b6-1.21.1-loom.mappings.1_21_1.layered+hash.40359-v2.jar:?]
	at knot/net.minecraft.util.thread.BlockableEventLoop.doRunTask(BlockableEventLoop.java:162) ~[minecraft-merged-c5422250b6-1.21.1-loom.mappings.1_21_1.layered+hash.40359-v2.jar:?]
	at knot/net.minecraft.util.thread.ReentrantBlockableEventLoop.doRunTask(ReentrantBlockableEventLoop.java:23) ~[minecraft-merged-c5422250b6-1.21.1-loom.mappings.1_21_1.layered+hash.40359-v2.jar:?]
	at knot/net.minecraft.util.thread.BlockableEventLoop.pollTask(BlockableEventLoop.java:136) ~[minecraft-merged-c5422250b6-1.21.1-loom.mappings.1_21_1.layered+hash.40359-v2.jar:?]
	at knot/net.minecraft.util.thread.BlockableEventLoop.managedBlock(BlockableEventLoop.java:145) ~[minecraft-merged-c5422250b6-1.21.1-loom.mappings.1_21_1.layered+hash.40359-v2.jar:?]
	at knot/net.minecraft.client.gui.screens.worldselection.WorldOpenFlows.loadWorldDataBlocking(WorldOpenFlows.java:182) ~[minecraft-merged-c5422250b6-1.21.1-loom.mappings.1_21_1.layered+hash.40359-v2.jar:?]
	at knot/net.minecraft.client.gui.screens.worldselection.WorldOpenFlows.loadWorldStem(WorldOpenFlows.java:137) ~[minecraft-merged-c5422250b6-1.21.1-loom.mappings.1_21_1.layered+hash.40359-v2.jar:?]
	at knot/net.minecraft.client.gui.screens.worldselection.WorldOpenFlows.openWorldLoadLevelStem(WorldOpenFlows.java:323) ~[minecraft-merged-c5422250b6-1.21.1-loom.mappings.1_21_1.layered+hash.40359-v2.jar:?]
	at knot/net.minecraft.client.gui.screens.worldselection.WorldOpenFlows.openWorldCheckVersionCompatibility(WorldOpenFlows.java:313) ~[minecraft-merged-c5422250b6-1.21.1-loom.mappings.1_21_1.layered+hash.40359-v2.jar:?]
	at knot/net.minecraft.client.gui.screens.worldselection.WorldOpenFlows.openWorldLoadLevelData(WorldOpenFlows.java:278) ~[minecraft-merged-c5422250b6-1.21.1-loom.mappings.1_21_1.layered+hash.40359-v2.jar:?]
	at knot/net.minecraft.client.gui.screens.worldselection.WorldOpenFlows.openWorld(WorldOpenFlows.java:243) ~[minecraft-merged-c5422250b6-1.21.1-loom.mappings.1_21_1.layered+hash.40359-v2.jar:?]
	at knot/net.minecraft.client.gui.screens.worldselection.WorldSelectionList$WorldListEntry.joinWorld(WorldSelectionList.java:434) ~[minecraft-merged-c5422250b6-1.21.1-loom.mappings.1_21_1.layered+hash.40359-v2.jar:?]
	at knot/net.minecraft.client.gui.screens.worldselection.WorldSelectionList$WorldListEntry.mouseClicked(WorldSelectionList.java:411) ~[minecraft-merged-c5422250b6-1.21.1-loom.mappings.1_21_1.layered+hash.40359-v2.jar:?]
	at knot/net.minecraft.client.gui.components.AbstractSelectionList.mouseClicked(AbstractSelectionList.java:315) ~[minecraft-merged-c5422250b6-1.21.1-loom.mappings.1_21_1.layered+hash.40359-v2.jar:?]
	at knot/net.minecraft.client.gui.components.events.ContainerEventHandler.mouseClicked(ContainerEventHandler.java:38) ~[minecraft-merged-c5422250b6-1.21.1-loom.mappings.1_21_1.layered+hash.40359-v2.jar:?]
	at knot/net.minecraft.client.MouseHandler.method_1611(MouseHandler.java:107) ~[minecraft-merged-c5422250b6-1.21.1-loom.mappings.1_21_1.layered+hash.40359-v2.jar:?]
	at knot/net.minecraft.client.gui.screens.Screen.wrapScreenError(Screen.java:431) ~[minecraft-merged-c5422250b6-1.21.1-loom.mappings.1_21_1.layered+hash.40359-v2.jar:?]
	at knot/net.minecraft.client.MouseHandler.onPress(MouseHandler.java:107) ~[minecraft-merged-c5422250b6-1.21.1-loom.mappings.1_21_1.layered+hash.40359-v2.jar:?]
	at knot/net.minecraft.client.MouseHandler.method_22686(MouseHandler.java:196) ~[minecraft-merged-c5422250b6-1.21.1-loom.mappings.1_21_1.layered+hash.40359-v2.jar:?]
	at knot/net.minecraft.util.thread.BlockableEventLoop.execute(BlockableEventLoop.java:108) ~[minecraft-merged-c5422250b6-1.21.1-loom.mappings.1_21_1.layered+hash.40359-v2.jar:?]
	at knot/net.minecraft.client.MouseHandler.method_22684(MouseHandler.java:196) ~[minecraft-merged-c5422250b6-1.21.1-loom.mappings.1_21_1.layered+hash.40359-v2.jar:?]
	at knot/org.lwjgl.glfw.GLFWMouseButtonCallbackI.callback(GLFWMouseButtonCallbackI.java:43) [lwjgl-glfw-3.3.3.jar:?]
	at knot/org.lwjgl.system.JNI.invokeV(Native Method) ~[lwjgl-3.3.3.jar:?]
	at knot/org.lwjgl.glfw.GLFW.glfwWaitEventsTimeout(GLFW.java:3509) [lwjgl-glfw-3.3.3.jar:?]
	at knot/com.mojang.blaze3d.systems.RenderSystem.limitDisplayFPS(RenderSystem.java:184) [minecraft-merged-c5422250b6-1.21.1-loom.mappings.1_21_1.layered+hash.40359-v2.jar:?]
	at knot/net.minecraft.client.Minecraft.runTick(Minecraft.java:1310) [minecraft-merged-c5422250b6-1.21.1-loom.mappings.1_21_1.layered+hash.40359-v2.jar:?]
	at knot/net.minecraft.client.Minecraft.run(Minecraft.java:882) [minecraft-merged-c5422250b6-1.21.1-loom.mappings.1_21_1.layered+hash.40359-v2.jar:?]
	at knot/net.minecraft.client.main.Main.main(Main.java:256) [minecraft-merged-c5422250b6-1.21.1-loom.mappings.1_21_1.layered+hash.40359-v2.jar:?]
	at net.fabricmc.loader.impl.game.minecraft.MinecraftGameProvider.launch(MinecraftGameProvider.java:480) [fabric-loader-0.16.14.jar:?]
	at net.fabricmc.loader.impl.launch.knot.Knot.launch(Knot.java:74) [fabric-loader-0.16.14.jar:?]
	at net.fabricmc.loader.impl.launch.knot.KnotClient.main(KnotClient.java:23) [fabric-loader-0.16.14.jar:?]
	at net.fabricmc.devlaunchinjector.Main.main(Main.java:86) [dev-launch-injector-0.2.1+build.8.jar:?]
	at dev.architectury.transformer.TransformerRuntime.main(TransformerRuntime.java:220) [architectury-transformer-5.2.87-runtime.jar:5.2.87]
[13:22:53] [Render thread/INFO] (Minecraft) Loaded 1966 recipes
[13:22:53] [Render thread/INFO] (Minecraft) Loaded 2070 advancements
[13:22:55] [Render thread/INFO] (terrablender) Initialized TerraBlender biomes for level stem minecraft:overworld
[13:22:55] [Render thread/INFO] (terrablender) Initialized TerraBlender biomes for level stem minecraft:the_nether
[13:22:55] [Render thread/INFO] (BiomeModificationImpl) Applied 0 biome modifications to 0 of 136 new biomes in 3.480 ms
[13:22:55] [Server thread/INFO] (Minecraft) Starting integrated minecraft server version 1.21.1
[13:22:55] [Server thread/INFO] (Minecraft) Generating keypair
[13:22:58] [Server thread/INFO] (Regions Unexplored) Loading dimension "minecraft:the_nether" with biome source: "minecraft:multi_noise".
[13:22:58] [Server thread/INFO] (Minecraft) Preparing start region for dimension minecraft:overworld
[13:22:58] [Render thread/INFO] (Minecraft) Preparing spawn area: 0%
[13:22:58] [Render thread/INFO] (Minecraft) Preparing spawn area: 0%
[13:22:59] [Render thread/INFO] (Minecraft) Time elapsed: 973 ms
[13:22:59] [Server thread/WARN] (TranslationConventionLogWarnings) 
	Dev warning - Untranslated Item Tags detected. Please translate your item tags so other mods such as recipe viewers can properly display your tag's name.
	The format desired is tag.item.<namespace>.<path> for the translation key with slashes in path turned into periods.
	To disable this message, set this system property in your runs: `-Dfabric-tag-conventions-v2.missingTagTranslationWarning=SILENCED`.
	To see individual untranslated item tags found, set the system property to `-Dfabric-tag-conventions-v2.missingTagTranslationWarning=VERBOSE`.
	Default is `SHORT`.

[13:22:59] [Server thread/WARN] (ConventionLogWarnings) 
	Dev warning - Legacy Tags detected. Please migrate your old tags to our new format that follows better conventions!
	See classes under net.fabricmc.fabric.api.tag.convention.v2 package for all tags.

	NOTE: Many tags have been moved around or renamed. Some new ones were added so please review the new tags.
	And make sure you follow tag conventions for new tags! The convention is `c` with nouns generally being plural and adjectives being singular.
	You can disable this message by this system property to your runs: `-Dfabric-tag-conventions-v1.legacyTagWarning=SILENCED`.
	To see individual legacy tags found, set the system property to `-Dfabric-tag-conventions-v1.legacyTagWarning=VERBOSE` instead. Default is `SHORT`.

[13:22:59] [Server thread/INFO] (Minecraft) Changing view distance to 12, from 10
[13:22:59] [Server thread/INFO] (Minecraft) Changing simulation distance to 12, from 0
[13:22:59] [Server thread/INFO] (Minecraft) [STDOUT]: Lithium Cached BlockState Flags are disabled!
[13:23:01] [Server thread/INFO] (Minecraft) Player248[local:E:baae5415] logged in with entity id 61 at (15.655207339276549, 68.53292827534491, -32.31255833169834)
[13:23:01] [Server thread/INFO] (Minecraft) Player248 joined the game
[13:23:01] [Render thread/INFO] (ChunkBuilder) Started 2 worker threads
[13:23:01] [Render thread/WARN] (REI) [REI] Found 1 existing reload task(s) after trying to terminate them!
[13:23:01] [REI-ReloadPlugins/INFO] (REI) [REI] ~~~~~~~~~~~~~~~~~~~~~~~~~~~~~~~~~~~~~~~~
[13:23:01] [REI-ReloadPlugins/INFO] (REI) [REI] REIPlugin starting main-reload for START.
[13:23:01] [REI-ReloadPlugins/INFO] (REI) [REI] Plugins (6):
[13:23:01] [REI-ReloadPlugins/INFO] (REI) [REI]  - (-100,00) DefaultClientPlugin of DefaultClientPlugin [roughlyenoughitems]
[13:23:01] [REI-ReloadPlugins/INFO] (REI) [REI]  - (-100,00) DefaultPlugin of DefaultPlugin [roughlyenoughitems]
[13:23:01] [REI-ReloadPlugins/INFO] (REI) [REI]  - (0,00) FabricFluidAPISupportPlugin
[13:23:01] [REI-ReloadPlugins/INFO] (REI) [REI]  - (0,00) HideIngredientsFromTagsPlugin of HideIngredientsFromTagsPlugin [roughlyenoughitems]
[13:23:01] [REI-ReloadPlugins/INFO] (REI) [REI]  - (0,00) DefaultClientRuntimePlugin of DefaultClientRuntimePlugin [roughlyenoughitems]
[13:23:01] [REI-ReloadPlugins/INFO] (REI) [REI]  - (0,00) DefaultRuntimePlugin of DefaultRuntimePlugin [roughlyenoughitems]
[13:23:02] [REI-ReloadPlugins/INFO] (REI) [REI] ~~~~~~~~~~~~~~~~~~~~~~~~~~~~~~~~~~~~~~~~
[13:23:02] [Render thread/INFO] (Minecraft) Loaded 2 advancements
[13:23:02] [REI-ReloadPlugins/INFO] (REI) [REI] ****************************************
[13:23:02] [REI-ReloadPlugins/INFO] (REI) [REI] REIClientPlugin starting main-reload for START.
[13:23:02] [REI-ReloadPlugins/INFO] (REI) [REI] Plugins (3):
[13:23:02] [REI-ReloadPlugins/INFO] (REI) [REI]  - (-100,00) DefaultClientPlugin of DefaultClientPlugin [roughlyenoughitems]
[13:23:02] [REI-ReloadPlugins/INFO] (REI) [REI]  - (0,00) HideIngredientsFromTagsPlugin of HideIngredientsFromTagsPlugin [roughlyenoughitems]
[13:23:02] [REI-ReloadPlugins/INFO] (REI) [REI]  - (0,00) DefaultClientRuntimePlugin of DefaultClientRuntimePlugin [roughlyenoughitems]
[13:23:02] [REI-ReloadPlugins/INFO] (REI) [REI] ****************************************
[13:23:02] [Render thread/INFO] (Minecraft) Loaded 16 advancements
[13:23:02] [REI-ReloadPlugins/INFO] (REI) [REI] OOOOOOOOOOOOOOOOOOOOOOOOOOOOOOOOOOOOOOOO
[13:23:02] [REI-ReloadPlugins/INFO] (REI) [REI] REIServerPlugin starting main-reload for START.
[13:23:02] [REI-ReloadPlugins/INFO] (REI) [REI] Plugins (3):
[13:23:02] [REI-ReloadPlugins/INFO] (REI) [REI]  - (-100,00) DefaultPlugin of DefaultPlugin [roughlyenoughitems]
[13:23:02] [REI-ReloadPlugins/INFO] (REI) [REI]  - (0,00) FabricFluidAPISupportPlugin
[13:23:02] [REI-ReloadPlugins/INFO] (REI) [REI]  - (0,00) DefaultRuntimePlugin of DefaultRuntimePlugin [roughlyenoughitems]
[13:23:02] [REI-ReloadPlugins/INFO] (REI) [REI] OOOOOOOOOOOOOOOOOOOOOOOOOOOOOOOOOOOOOOOO
[13:23:02] [REI-ReloadPlugins/INFO] (REI) [REI] REIPlugin finished post-reload for START in 2.486 ms, totaling 84.60 ms.
[13:23:02] [REI-ReloadPlugins/INFO] (REI) [REI] REIClientPlugin finished post-reload for START in 2.311 ms, totaling 793.3 ms.
[13:23:02] [REI-ReloadPlugins/INFO] (REI) [REI] REIServerPlugin finished post-reload for START in 973.0 μs, totaling 5.218 ms.
[13:23:02] [REI-ReloadPlugins/INFO] (REI) [REI] @@@@@@@@@@@@@@@@@@@@@@@@@@@@@@@@@@@@@@@@
[13:23:02] [REI-ReloadPlugins/INFO] (REI) [REI] REIPlugin starting main-reload for END.
[13:23:02] [REI-ReloadPlugins/INFO] (REI) [REI] Plugins (6):
[13:23:02] [REI-ReloadPlugins/INFO] (REI) [REI]  - (-100,00) DefaultClientPlugin of DefaultClientPlugin [roughlyenoughitems]
[13:23:02] [REI-ReloadPlugins/INFO] (REI) [REI]  - (-100,00) DefaultPlugin of DefaultPlugin [roughlyenoughitems]
[13:23:02] [REI-ReloadPlugins/INFO] (REI) [REI]  - (0,00) FabricFluidAPISupportPlugin
[13:23:02] [REI-ReloadPlugins/INFO] (REI) [REI]  - (0,00) HideIngredientsFromTagsPlugin of HideIngredientsFromTagsPlugin [roughlyenoughitems]
[13:23:02] [REI-ReloadPlugins/INFO] (REI) [REI]  - (0,00) DefaultClientRuntimePlugin of DefaultClientRuntimePlugin [roughlyenoughitems]
[13:23:02] [REI-ReloadPlugins/INFO] (REI) [REI]  - (0,00) DefaultRuntimePlugin of DefaultRuntimePlugin [roughlyenoughitems]
[13:23:02] [REI-ReloadPlugins/INFO] (REI) [REI] @@@@@@@@@@@@@@@@@@@@@@@@@@@@@@@@@@@@@@@@
[13:23:02] [REI-ReloadPlugins/INFO] (REI) [REI] ----------------------------------------
[13:23:02] [REI-ReloadPlugins/INFO] (REI) [REI] REIClientPlugin starting main-reload for END.
[13:23:02] [REI-ReloadPlugins/INFO] (REI) [REI] Plugins (3):
[13:23:02] [REI-ReloadPlugins/INFO] (REI) [REI]  - (-100,00) DefaultClientPlugin of DefaultClientPlugin [roughlyenoughitems]
[13:23:02] [REI-ReloadPlugins/INFO] (REI) [REI]  - (0,00) HideIngredientsFromTagsPlugin of HideIngredientsFromTagsPlugin [roughlyenoughitems]
[13:23:02] [REI-ReloadPlugins/INFO] (REI) [REI]  - (0,00) DefaultClientRuntimePlugin of DefaultClientRuntimePlugin [roughlyenoughitems]
[13:23:02] [REI-ReloadPlugins/INFO] (REI) [REI] ----------------------------------------
[13:23:04] [REI-ReloadPlugins/INFO] (REI) [REI] ########################################
[13:23:04] [REI-ReloadPlugins/INFO] (REI) [REI] REIServerPlugin starting main-reload for END.
[13:23:04] [REI-ReloadPlugins/INFO] (REI) [REI] Plugins (3):
[13:23:04] [REI-ReloadPlugins/INFO] (REI) [REI]  - (-100,00) DefaultPlugin of DefaultPlugin [roughlyenoughitems]
[13:23:04] [REI-ReloadPlugins/INFO] (REI) [REI]  - (0,00) FabricFluidAPISupportPlugin
[13:23:04] [REI-ReloadPlugins/INFO] (REI) [REI]  - (0,00) DefaultRuntimePlugin of DefaultRuntimePlugin [roughlyenoughitems]
[13:23:04] [REI-ReloadPlugins/INFO] (REI) [REI] ########################################
[13:23:04] [REI-ReloadPlugins/INFO] (REI) [REI] REIPlugin finished post-reload for END in 939.6 μs, totaling 69.91 ms.
[13:23:04] [REI-ReloadPlugins/INFO] (REI) [REI] REIClientPlugin finished post-reload for END in 13.32 ms, totaling 1.610 s.
[13:23:04] [REI-ReloadPlugins/INFO] (REI) [REI] REIServerPlugin finished post-reload for END in 565.1 μs, totaling 9.239 ms.
[13:23:04] [Server thread/INFO] (Minecraft) Saving and pausing game...
[13:23:04] [Server thread/INFO] (Minecraft) Saving chunks for level 'ServerLevel[Lumber :D]'/minecraft:overworld
[13:23:04] [Server thread/INFO] (Minecraft) Saving chunks for level 'ServerLevel[Lumber :D]'/minecraft:the_nether
[13:23:04] [Server thread/INFO] (Minecraft) Saving chunks for level 'ServerLevel[Lumber :D]'/minecraft:the_end
[13:25:09] [Server thread/INFO] (Minecraft) Saving and pausing game...
[13:25:09] [Server thread/INFO] (Minecraft) Saving chunks for level 'ServerLevel[Lumber :D]'/minecraft:overworld
[13:25:09] [Server thread/INFO] (Minecraft) Saving chunks for level 'ServerLevel[Lumber :D]'/minecraft:the_nether
[13:25:09] [Server thread/INFO] (Minecraft) Saving chunks for level 'ServerLevel[Lumber :D]'/minecraft:the_end
[13:25:14] [Render thread/INFO] (Minecraft) Stopping!
[13:25:14] [Server thread/INFO] (Minecraft) Player248 lost connection: Disconnected
[13:25:14] [Server thread/INFO] (Minecraft) Player248 left the game
[13:25:14] [Server thread/INFO] (Minecraft) Stopping singleplayer server as player logged out
[13:25:14] [Server thread/INFO] (Minecraft) Stopping server
[13:25:14] [Server thread/INFO] (Minecraft) Saving players
[13:25:14] [Server thread/INFO] (Minecraft) Saving worlds
[13:25:15] [Server thread/INFO] (Minecraft) Saving chunks for level 'ServerLevel[Lumber :D]'/minecraft:overworld
[13:25:15] [Server thread/INFO] (Minecraft) Saving chunks for level 'ServerLevel[Lumber :D]'/minecraft:the_nether
[13:25:15] [Server thread/INFO] (Minecraft) Saving chunks for level 'ServerLevel[Lumber :D]'/minecraft:the_end
[13:25:15] [Server thread/INFO] (Minecraft) ThreadedAnvilChunkStorage (Lumber _D): All chunks are saved
[13:25:15] [Server thread/INFO] (Minecraft) ThreadedAnvilChunkStorage (DIM-1): All chunks are saved
[13:25:15] [Server thread/INFO] (Minecraft) ThreadedAnvilChunkStorage (DIM1): All chunks are saved
[13:25:15] [Server thread/INFO] (Minecraft) ThreadedAnvilChunkStorage: All dimensions are saved
[13:25:15] [Render thread/INFO] (ChunkBuilder) Stopping worker threads
