[14:28:17] [Render thread/INFO] ========================================
[14:28:17] [Render thread/INFO] Minecraft: 1.21.1
[14:28:17] [Render thread/INFO] Side: client
[14:28:17] [Render thread/INFO] Development: true
[14:28:17] [Render thread/INFO] Version: 16.0.799
[14:28:17] [Render thread/INFO] Loader:
[14:28:17] [Render thread/INFO] - Fabric: 0.16.14
[14:28:17] [Render thread/INFO] - Fabric API: 0.116.4+1.21.1
[14:28:17] [Render thread/INFO] Dependencies:
[14:28:17] [Render thread/INFO] - Cloth Config: 15.0.140
[14:28:17] [Render thread/INFO] - Architectury: 13.0.8
[14:28:17] [Render thread/INFO] Mixin: 0.8.7
[14:28:17] [Render thread/INFO] OS: Windows 10 10.0 (amd64)
[14:28:17] [Render thread/INFO] Java: 21.0.3 (Oracle Corporation)
[14:28:17] [Render thread/INFO] ========================================
[14:28:17] [Render thread/INFO] Mods:
[14:28:17] [Render thread/INFO] - architectury: 13.0.8
[14:28:17] [Render thread/INFO] - cloth-basic-math: 0.6.1
[14:28:17] [Render thread/INFO] - cloth-config: 15.0.140
[14:28:17] [Render thread/INFO] - cloth-config: 15.0.140
[14:28:17] [Render thread/INFO] - com_electronwill_night-config_core: 3.8.0
[14:28:17] [Render thread/INFO] - com_electronwill_night-config_toml: 3.8.0
[14:28:17] [Render thread/INFO] - error_notifier: 1.0.11
[14:28:17] [Render thread/INFO] - fabric-api: 0.116.4+1.21.1
[14:28:17] [Render thread/INFO] - fabric-api: 0.116.4+1.21.1
[14:28:17] [Render thread/INFO] - fabric-api-base: 0.4.42+6573ed8c19
[14:28:17] [Render thread/INFO] - fabric-api-lookup-api-v1: 1.6.71+b559734419
[14:28:17] [Render thread/INFO] - fabric-biome-api-v1: 13.0.31+d527f9fd19
[14:28:17] [Render thread/INFO] - fabric-block-api-v1: 1.1.0+0bc3503219
[14:28:17] [Render thread/INFO] - fabric-block-view-api-v2: 1.0.11+ebb2264e19
[14:28:17] [Render thread/INFO] - fabric-blockrenderlayer-v1: 1.1.52+0af3f5a719
[14:28:17] [Render thread/INFO] - fabric-client-tags-api-v1: 1.1.15+6573ed8c19
[14:28:17] [Render thread/INFO] - fabric-command-api-v1: 1.2.49+f71b366f19
[14:28:17] [Render thread/INFO] - fabric-command-api-v2: 2.2.28+6ced4dd919
[14:28:17] [Render thread/INFO] - fabric-commands-v0: 0.2.66+df3654b319
[14:28:17] [Render thread/INFO] - fabric-content-registries-v0: 8.0.19+b559734419
[14:28:17] [Render thread/INFO] - fabric-convention-tags-v1: 2.1.5+7f945d5b19
[14:28:17] [Render thread/INFO] - fabric-convention-tags-v2: 2.11.1+a406e79519
[14:28:17] [Render thread/INFO] - fabric-crash-report-info-v1: 0.2.29+0af3f5a719
[14:28:17] [Render thread/INFO] - fabric-data-attachment-api-v1: 1.4.5+6116a37819
[14:28:17] [Render thread/INFO] - fabric-data-generation-api-v1: 20.2.32+5b9dea2e19
[14:28:17] [Render thread/INFO] - fabric-dimensions-v1: 4.0.0+6fc22b9919
[14:28:17] [Render thread/INFO] - fabric-entity-events-v1: 1.8.0+2b27e0a419
[14:28:17] [Render thread/INFO] - fabric-events-interaction-v0: 0.7.13+ba9dae0619
[14:28:17] [Render thread/INFO] - fabric-game-rule-api-v1: 1.0.53+6ced4dd919
[14:28:17] [Render thread/INFO] - fabric-gametest-api-v1: 2.0.5+6fc22b9919
[14:28:17] [Render thread/INFO] - fabric-item-api-v1: 11.1.1+d5debaed19
[14:28:17] [Render thread/INFO] - fabric-item-group-api-v1: 4.1.7+def88e3a19
[14:28:17] [Render thread/INFO] - fabric-key-binding-api-v1: 1.0.47+0af3f5a719
[14:28:17] [Render thread/INFO] - fabric-keybindings-v0: 0.2.45+df3654b319
[14:28:17] [Render thread/INFO] - fabric-lifecycle-events-v1: 2.6.0+0865547519
[14:28:17] [Render thread/INFO] - fabric-loot-api-v2: 3.0.15+3f89f5a519
[14:28:17] [Render thread/INFO] - fabric-loot-api-v3: 1.0.3+3f89f5a519
[14:28:17] [Render thread/INFO] - fabric-message-api-v1: 6.0.14+8aaf3aca19
[14:28:17] [Render thread/INFO] - fabric-model-loading-api-v1: 2.0.0+fe474d6b19
[14:28:17] [Render thread/INFO] - fabric-networking-api-v1: 4.3.0+c7469b2119
[14:28:17] [Render thread/INFO] - fabric-object-builder-api-v1: 15.2.1+40875a9319
[14:28:17] [Render thread/INFO] - fabric-particles-v1: 4.0.2+6573ed8c19
[14:28:17] [Render thread/INFO] - fabric-recipe-api-v1: 5.0.14+248df81c19
[14:28:17] [Render thread/INFO] - fabric-registry-sync-v0: 5.3.1+e3eddc2119
[14:28:17] [Render thread/INFO] - fabric-renderer-api-v1: 3.4.0+c705a49c19
[14:28:17] [Render thread/INFO] - fabric-renderer-indigo: 1.7.0+c705a49c19
[14:28:17] [Render thread/INFO] - fabric-renderer-registries-v1: 3.2.69+df3654b319
[14:28:17] [Render thread/INFO] - fabric-rendering-data-attachment-v1: 0.3.49+73761d2e19
[14:28:17] [Render thread/INFO] - fabric-rendering-fluids-v1: 3.1.6+1daea21519
[14:28:17] [Render thread/INFO] - fabric-rendering-v0: 1.1.72+df3654b319
[14:28:17] [Render thread/INFO] - fabric-rendering-v1: 5.1.0+ab4c25a019
[14:28:17] [Render thread/INFO] - fabric-resource-conditions-api-v1: 4.3.0+8dc279b119
[14:28:17] [Render thread/INFO] - fabric-resource-loader-v0: 1.3.1+5b5275af19
[14:28:17] [Render thread/INFO] - fabric-screen-api-v1: 2.0.25+8b68f1c719
[14:28:17] [Render thread/INFO] - fabric-screen-handler-api-v1: 1.3.90+b559734419
[14:28:17] [Render thread/INFO] - fabric-sound-api-v1: 1.0.23+6573ed8c19
[14:28:17] [Render thread/INFO] - fabric-transfer-api-v1: 5.4.3+c24bd99419
[14:28:17] [Render thread/INFO] - fabric-transitive-access-wideners-v1: 6.2.0+45b9699719
[14:28:17] [Render thread/INFO] - fabricloader: 0.16.14
[14:28:17] [Render thread/INFO] - forgeconfigapiport: 21.1.3
[14:28:17] [Render thread/INFO] - generated_ba2051c: 1.0.0
[14:28:17] [Render thread/INFO] - java: 21
[14:28:17] [Render thread/INFO] - lithium: 0.15.0+mc1.21.1
[14:28:17] [Render thread/INFO] - manywood: 1.0.0
[14:28:17] [Render thread/INFO] - minecraft: 1.21.1
[14:28:17] [Render thread/INFO] - mixinextras: 0.4.1
[14:28:17] [Render thread/INFO] - modmenu: 11.0.3
[14:28:17] [Render thread/INFO] - placeholder-api: 2.4.0-pre.2+1.21
[14:28:17] [Render thread/INFO] - regions_unexplored: 0.5.6.1
[14:28:17] [Render thread/INFO] - roughlyenoughitems: 16.0.799
[14:28:17] [Render thread/INFO] - sodium: 0.6.13+mc1.21.1
[14:28:17] [Render thread/INFO] - terrablender: 4.1.0.8
[14:28:17] [Render thread/INFO] ========================================
[14:28:17] [Render thread/DEBUG] [REI] Added filtering rule [roughlyenoughitems:search]: INSTANCE
[14:28:17] [Render thread/DEBUG] [REI] Added filtering rule [roughlyenoughitems:manual]: INSTANCE
[14:28:17] [Render thread/DEBUG] [REI] Added filtering rule [roughlyenoughitems:basic]: INSTANCE
[14:28:17] [Render thread/INFO] [REI] Config loaded
[14:28:17] [Render thread/DEBUG] [REI] Config saved
[14:28:17] [Render thread/DEBUG] [REI] Config saved
[14:28:17] [Render thread/DEBUG] [REI] Config saved
[14:28:17] [Render thread/INFO] [REI] Registered plugin provider DefaultPlugin [roughlyenoughitems] for REIPlugin
[14:28:17] [Render thread/INFO] [REI] Registered plugin provider DefaultRuntimePlugin [roughlyenoughitems] for REIPlugin
[14:28:17] [Render thread/INFO] [REI] Registered plugin provider DefaultClientPlugin [roughlyenoughitems] for REIPlugin
[14:28:17] [Render thread/INFO] [REI] Registered plugin provider DefaultClientRuntimePlugin [roughlyenoughitems] for REIPlugin
[14:28:17] [Render thread/DEBUG] [REI] Added filtering rule [roughlyenoughitems:hidden_from_recipe_viewers]: INSTANCE
[14:28:17] [Render thread/INFO] [REI] Registered plugin provider HideIngredientsFromTagsPlugin [roughlyenoughitems] for REIPlugin
[14:28:17] [Render thread/INFO] [REI] Registered plugin provider DefaultPlugin [roughlyenoughitems] for REIServerPlugin
[14:28:17] [Render thread/INFO] [REI] Registered plugin provider DefaultRuntimePlugin [roughlyenoughitems] for REIServerPlugin
[14:28:17] [Render thread/INFO] [REI] Registered plugin provider FabricFluidAPISupportPlugin for REIServerPlugin
[14:28:17] [Render thread/INFO] [REI] Registered plugin provider FabricFluidAPISupportPlugin for REIPlugin
[14:28:18] [Render thread/INFO] [REI] Registered plugin provider DefaultClientPlugin [roughlyenoughitems] for REIClientPlugin
[14:28:18] [Render thread/INFO] [REI] Registered plugin provider DefaultClientRuntimePlugin [roughlyenoughitems] for REIClientPlugin
[14:28:18] [Render thread/INFO] [REI] Registered plugin provider HideIngredientsFromTagsPlugin [roughlyenoughitems] for REIClientPlugin
[14:30:10] [Render thread/DEBUG] [REI] Player quit, clearing reload tasks!
[14:30:10] [Render thread/DEBUG] [REI] Did not fulfill the request of termination of REI reload tasks because there are no uninterrupted running tasks. This is not an error.
